TpTrace Verbose: 0 : 26236, 1, 2022/03/23, 14:37:43.061, 4801316110415, vstest.console.dll, Version: 17.0.0
TpTrace Information: 0 : 26236, 1, 2022/03/23, 14:37:43.077, 4801316252016, vstest.console.dll, FilePatternParser: The given file C:\Users\hp\Desktop\karonwi\week-5-karonwi\BankApp\BankApp.Test\bin\Debug\netcoreapp3.1\fine-code-coverage\build-output\BankApp.Test.dll is a full path.
TpTrace Verbose: 0 : 26236, 1, 2022/03/23, 14:37:43.088, 4801316364103, vstest.console.dll, TestPluginCache.DiscoverTestExtensions: finding test extensions in assemblies ends with: RuntimeProvider.dll TPluginInfo: Microsoft.VisualStudio.TestPlatform.Common.ExtensionFramework.Utilities.TestRuntimePluginInformation TExtension: Microsoft.VisualStudio.TestPlatform.ObjectModel.Host.ITestRuntimeProvider
TpTrace Verbose: 0 : 26236, 1, 2022/03/23, 14:37:43.099, 4801316468131, vstest.console.dll, TestPluginCache.GetExtensionPaths: Filtered extension paths: 
TpTrace Verbose: 0 : 26236, 1, 2022/03/23, 14:37:43.099, 4801316470557, vstest.console.dll, TestPluginCache.GetExtensionPaths: Added default extension paths: C:\Program Files\dotnet\sdk\6.0.102\Extensions\Microsoft.Diagnostics.NETCore.Client.dll
C:\Program Files\dotnet\sdk\6.0.102\Extensions\Microsoft.TestPlatform.Extensions.BlameDataCollector.dll
C:\Program Files\dotnet\sdk\6.0.102\Extensions\Microsoft.TestPlatform.Extensions.EventLogCollector.dll
C:\Program Files\dotnet\sdk\6.0.102\Extensions\Microsoft.TestPlatform.TestHostRuntimeProvider.dll
C:\Program Files\dotnet\sdk\6.0.102\Extensions\Microsoft.VisualStudio.TestPlatform.Extensions.Html.TestLogger.dll
C:\Program Files\dotnet\sdk\6.0.102\Extensions\Microsoft.VisualStudio.TestPlatform.Extensions.Trx.TestLogger.dll
TpTrace Verbose: 0 : 26236, 1, 2022/03/23, 14:37:43.099, 4801316471245, vstest.console.dll, TestPluginCache.GetExtensionPaths: Added unfilterableExtensionPaths: 
TpTrace Information: 0 : 26236, 1, 2022/03/23, 14:37:43.100, 4801316482029, vstest.console.dll, AssemblyResolver.ctor: Creating AssemblyResolver with searchDirectories C:\Program Files\dotnet\sdk\6.0.102\Extensions,C:\Program Files\dotnet\sdk\6.0.102
TpTrace Verbose: 0 : 26236, 1, 2022/03/23, 14:37:43.102, 4801316501237, vstest.console.dll, TestPluginCache.DiscoverTestExtensions: Discovering the extensions using extension path.
TpTrace Verbose: 0 : 26236, 1, 2022/03/23, 14:37:43.102, 4801316502960, vstest.console.dll, TestPluginCache.GetExtensionPaths: Filtered extension paths: 
TpTrace Verbose: 0 : 26236, 1, 2022/03/23, 14:37:43.102, 4801316503341, vstest.console.dll, TestPluginCache.GetExtensionPaths: Added default extension paths: C:\Program Files\dotnet\sdk\6.0.102\Extensions\Microsoft.Diagnostics.NETCore.Client.dll
C:\Program Files\dotnet\sdk\6.0.102\Extensions\Microsoft.TestPlatform.Extensions.BlameDataCollector.dll
C:\Program Files\dotnet\sdk\6.0.102\Extensions\Microsoft.TestPlatform.Extensions.EventLogCollector.dll
C:\Program Files\dotnet\sdk\6.0.102\Extensions\Microsoft.TestPlatform.TestHostRuntimeProvider.dll
C:\Program Files\dotnet\sdk\6.0.102\Extensions\Microsoft.VisualStudio.TestPlatform.Extensions.Html.TestLogger.dll
C:\Program Files\dotnet\sdk\6.0.102\Extensions\Microsoft.VisualStudio.TestPlatform.Extensions.Trx.TestLogger.dll
TpTrace Verbose: 0 : 26236, 1, 2022/03/23, 14:37:43.102, 4801316503581, vstest.console.dll, TestPluginCache.GetExtensionPaths: Added unfilterableExtensionPaths: 
TpTrace Verbose: 0 : 26236, 1, 2022/03/23, 14:37:43.102, 4801316504274, vstest.console.dll, TestPluginCache.DiscoverTestExtensions: Discovering the extensions using allExtensionPaths: C:\Program Files\dotnet\sdk\6.0.102\Extensions\Microsoft.Diagnostics.NETCore.Client.dll
C:\Program Files\dotnet\sdk\6.0.102\Extensions\Microsoft.TestPlatform.Extensions.BlameDataCollector.dll
C:\Program Files\dotnet\sdk\6.0.102\Extensions\Microsoft.TestPlatform.Extensions.EventLogCollector.dll
C:\Program Files\dotnet\sdk\6.0.102\Extensions\Microsoft.TestPlatform.TestHostRuntimeProvider.dll
C:\Program Files\dotnet\sdk\6.0.102\Extensions\Microsoft.VisualStudio.TestPlatform.Extensions.Html.TestLogger.dll
C:\Program Files\dotnet\sdk\6.0.102\Extensions\Microsoft.VisualStudio.TestPlatform.Extensions.Trx.TestLogger.dll
TpTrace Information: 0 : 26236, 1, 2022/03/23, 14:37:43.103, 4801316507903, vstest.console.dll, AssemblyResolver.AddSearchDirectories: Adding more searchDirectories C:\Program Files\dotnet\sdk\6.0.102\Extensions,C:\Program Files\dotnet\sdk\6.0.102
TpTrace Information: 0 : 26236, 1, 2022/03/23, 14:37:43.103, 4801316508910, vstest.console.dll, AssemblyResolver.AddSearchDirectories: Adding more searchDirectories C:\Program Files\dotnet\sdk\6.0.102\Extensions,C:\Program Files\dotnet\sdk\6.0.102
TpTrace Information: 0 : 26236, 1, 2022/03/23, 14:37:43.103, 4801316509160, vstest.console.dll, AssemblyResolver.AddSearchDirectories: Adding more searchDirectories C:\Program Files\dotnet\sdk\6.0.102\Extensions,C:\Program Files\dotnet\sdk\6.0.102
TpTrace Information: 0 : 26236, 1, 2022/03/23, 14:37:43.103, 4801316509384, vstest.console.dll, AssemblyResolver.AddSearchDirectories: Adding more searchDirectories C:\Program Files\dotnet\sdk\6.0.102\Extensions,C:\Program Files\dotnet\sdk\6.0.102
TpTrace Information: 0 : 26236, 1, 2022/03/23, 14:37:43.103, 4801316509645, vstest.console.dll, AssemblyResolver.AddSearchDirectories: Adding more searchDirectories C:\Program Files\dotnet\sdk\6.0.102\Extensions,C:\Program Files\dotnet\sdk\6.0.102
TpTrace Information: 0 : 26236, 1, 2022/03/23, 14:37:43.103, 4801316509890, vstest.console.dll, AssemblyResolver.AddSearchDirectories: Adding more searchDirectories C:\Program Files\dotnet\sdk\6.0.102\Extensions,C:\Program Files\dotnet\sdk\6.0.102
TpTrace Information: 0 : 26236, 1, 2022/03/23, 14:37:43.103, 4801316514647, vstest.console.dll, AssemblyResolver.OnResolve: Microsoft.Diagnostics.NETCore.Client: Resolving assembly.
TpTrace Information: 0 : 26236, 1, 2022/03/23, 14:37:43.103, 4801316516681, vstest.console.dll, AssemblyResolver.OnResolve: Microsoft.Diagnostics.NETCore.Client: Searching in: 'C:\Program Files\dotnet\sdk\6.0.102\Extensions'.
TpTrace Information: 0 : 26236, 1, 2022/03/23, 14:37:43.105, 4801316528644, vstest.console.dll, AssemblyResolver.OnResolve: Microsoft.Diagnostics.NETCore.Client: Loading assembly 'C:\Program Files\dotnet\sdk\6.0.102\Extensions\Microsoft.Diagnostics.NETCore.Client.dll'.
TpTrace Information: 0 : 26236, 1, 2022/03/23, 14:37:43.106, 4801316541084, vstest.console.dll, AssemblyResolver.OnResolve: Resolved assembly: Microsoft.Diagnostics.NETCore.Client, from path: C:\Program Files\dotnet\sdk\6.0.102\Extensions\Microsoft.Diagnostics.NETCore.Client.dll
TpTrace Information: 0 : 26236, 1, 2022/03/23, 14:37:43.116, 4801316639347, vstest.console.dll, AssemblyResolver.OnResolve: Microsoft.Bcl.AsyncInterfaces: Resolving assembly.
TpTrace Information: 0 : 26236, 1, 2022/03/23, 14:37:43.116, 4801316640504, vstest.console.dll, AssemblyResolver.OnResolve: Microsoft.Bcl.AsyncInterfaces: Searching in: 'C:\Program Files\dotnet\sdk\6.0.102\Extensions'.
TpTrace Information: 0 : 26236, 1, 2022/03/23, 14:37:43.116, 4801316641473, vstest.console.dll, AssemblyResolver.OnResolve: Microsoft.Bcl.AsyncInterfaces: Assembly path does not exist: 'C:\Program Files\dotnet\sdk\6.0.102\Extensions\Microsoft.Bcl.AsyncInterfaces.dll', returning.
TpTrace Information: 0 : 26236, 1, 2022/03/23, 14:37:43.116, 4801316642000, vstest.console.dll, AssemblyResolver.OnResolve: Microsoft.Bcl.AsyncInterfaces: Assembly path does not exist: 'C:\Program Files\dotnet\sdk\6.0.102\Extensions\Microsoft.Bcl.AsyncInterfaces.exe', returning.
TpTrace Information: 0 : 26236, 1, 2022/03/23, 14:37:43.116, 4801316642227, vstest.console.dll, AssemblyResolver.OnResolve: Microsoft.Bcl.AsyncInterfaces: Searching in: 'C:\Program Files\dotnet\sdk\6.0.102'.
TpTrace Information: 0 : 26236, 1, 2022/03/23, 14:37:43.116, 4801316643265, vstest.console.dll, AssemblyResolver.OnResolve: Microsoft.Bcl.AsyncInterfaces: Assembly path does not exist: 'C:\Program Files\dotnet\sdk\6.0.102\Microsoft.Bcl.AsyncInterfaces.dll', returning.
TpTrace Information: 0 : 26236, 1, 2022/03/23, 14:37:43.116, 4801316644314, vstest.console.dll, AssemblyResolver.OnResolve: Microsoft.Bcl.AsyncInterfaces: Assembly path does not exist: 'C:\Program Files\dotnet\sdk\6.0.102\Microsoft.Bcl.AsyncInterfaces.exe', returning.
TpTrace Information: 0 : 26236, 1, 2022/03/23, 14:37:43.116, 4801316645826, vstest.console.dll, AssemblyResolver.OnResolve: Microsoft.Bcl.AsyncInterfaces: Failed to load assembly.
TpTrace Verbose: 0 : 26236, 1, 2022/03/23, 14:37:43.116, 4801316646719, vstest.console.dll, CurrentDomainAssemblyResolve: Resolving assembly 'Microsoft.Bcl.AsyncInterfaces'.
TpTrace Information: 0 : 26236, 1, 2022/03/23, 14:37:43.117, 4801316647834, vstest.console.dll, AssemblyResolver.OnResolve: Microsoft.Bcl.AsyncInterfaces: Resolving assembly.
TpTrace Information: 0 : 26236, 1, 2022/03/23, 14:37:43.117, 4801316648535, vstest.console.dll, AssemblyResolver.OnResolve: Microsoft.Bcl.AsyncInterfaces: Resolved from cache.
TpTrace Verbose: 0 : 26236, 1, 2022/03/23, 14:37:43.117, 4801316648773, vstest.console.dll, CurrentDomainAssemblyResolve: Resolving assembly 'Microsoft.Bcl.AsyncInterfaces'.
TpTrace Verbose: 0 : 26236, 1, 2022/03/23, 14:37:43.117, 4801316649101, vstest.console.dll, CurrentDomainAssemblyResolve: Failed to resolve assembly 'Microsoft.Bcl.AsyncInterfaces'.
TpTrace Verbose: 0 : 26236, 1, 2022/03/23, 14:37:43.117, 4801316654847, vstest.console.dll, CurrentDomainAssemblyResolve: Failed to resolve assembly 'Microsoft.Bcl.AsyncInterfaces'.
TpTrace Warning: 0 : 26236, 1, 2022/03/23, 14:37:43.140, 4801316879736, vstest.console.dll, TestPluginDiscoverer: Failed to get types from assembly 'Microsoft.Diagnostics.NETCore.Client, Version=0.2.4.21401, Culture=neutral, PublicKeyToken=31bf3856ad364e35'.  Skipping test extension scan for this assembly.  Error: System.Reflection.ReflectionTypeLoadException: Unable to load one or more of the requested types.
Could not load file or assembly 'Microsoft.Bcl.AsyncInterfaces, Version=1.0.0.0, Culture=neutral, PublicKeyToken=cc7b13ffcd2ddd51'. The system cannot find the file specified.
   at System.Reflection.RuntimeModule.GetTypes(RuntimeModule module)
   at System.Reflection.Assembly.GetTypes()
   at Microsoft.VisualStudio.TestPlatform.Common.ExtensionFramework.TestPluginDiscoverer.GetTestExtensionsFromAssembly[TPluginInfo,TExtension](Assembly assembly, Dictionary`2 pluginInfos)
System.IO.FileNotFoundException: Could not load file or assembly 'Microsoft.Bcl.AsyncInterfaces, Version=1.0.0.0, Culture=neutral, PublicKeyToken=cc7b13ffcd2ddd51'. The system cannot find the file specified.
File name: 'Microsoft.Bcl.AsyncInterfaces, Version=1.0.0.0, Culture=neutral, PublicKeyToken=cc7b13ffcd2ddd51'
 ---> System.IO.FileNotFoundException: Could not load file or assembly 'Microsoft.Bcl.AsyncInterfaces, Culture=neutral, PublicKeyToken=null'. The system cannot find the file specified.
File name: 'Microsoft.Bcl.AsyncInterfaces, Culture=neutral, PublicKeyToken=null'
   at System.Reflection.RuntimeAssembly.InternalLoad(ObjectHandleOnStack assemblyName, ObjectHandleOnStack requestingAssembly, StackCrawlMarkHandle stackMark, Boolean throwOnFileNotFound, ObjectHandleOnStack assemblyLoadContext, ObjectHandleOnStack retAssembly)
   at System.Reflection.RuntimeAssembly.InternalLoad(AssemblyName assemblyName, RuntimeAssembly requestingAssembly, StackCrawlMark& stackMark, Boolean throwOnFileNotFound, AssemblyLoadContext assemblyLoadContext)
   at System.Reflection.Assembly.Load(AssemblyName assemblyRef)
   at Microsoft.VisualStudio.TestPlatform.Common.ExtensionFramework.TestPluginCache.CurrentDomainAssemblyResolve(Object sender, AssemblyResolveEventArgs args)
   at Microsoft.VisualStudio.TestPlatform.PlatformAbstractions.PlatformAssemblyResolver.AssemblyResolverEvent(Object sender, Object eventArgs)
   at System.Runtime.Loader.AssemblyLoadContext.GetFirstResolvedAssemblyFromResolvingEvent(AssemblyName assemblyName)
   at System.Runtime.Loader.AssemblyLoadContext.ResolveUsingEvent(AssemblyName assemblyName)
   at System.Runtime.Loader.AssemblyLoadContext.ResolveUsingResolvingEvent(IntPtr gchManagedAssemblyLoadContext, AssemblyName assemblyName)
TpTrace Warning: 0 : 26236, 1, 2022/03/23, 14:37:43.140, 4801316882979, vstest.console.dll, LoaderExceptions: System.IO.FileNotFoundException: Could not load file or assembly 'Microsoft.Bcl.AsyncInterfaces, Version=1.0.0.0, Culture=neutral, PublicKeyToken=cc7b13ffcd2ddd51'. The system cannot find the file specified.
File name: 'Microsoft.Bcl.AsyncInterfaces, Version=1.0.0.0, Culture=neutral, PublicKeyToken=cc7b13ffcd2ddd51'
 ---> System.IO.FileNotFoundException: Could not load file or assembly 'Microsoft.Bcl.AsyncInterfaces, Culture=neutral, PublicKeyToken=null'. The system cannot find the file specified.
File name: 'Microsoft.Bcl.AsyncInterfaces, Culture=neutral, PublicKeyToken=null'
   at System.Reflection.RuntimeAssembly.InternalLoad(ObjectHandleOnStack assemblyName, ObjectHandleOnStack requestingAssembly, StackCrawlMarkHandle stackMark, Boolean throwOnFileNotFound, ObjectHandleOnStack assemblyLoadContext, ObjectHandleOnStack retAssembly)
   at System.Reflection.RuntimeAssembly.InternalLoad(AssemblyName assemblyName, RuntimeAssembly requestingAssembly, StackCrawlMark& stackMark, Boolean throwOnFileNotFound, AssemblyLoadContext assemblyLoadContext)
   at System.Reflection.Assembly.Load(AssemblyName assemblyRef)
   at Microsoft.VisualStudio.TestPlatform.Common.ExtensionFramework.TestPluginCache.CurrentDomainAssemblyResolve(Object sender, AssemblyResolveEventArgs args)
   at Microsoft.VisualStudio.TestPlatform.PlatformAbstractions.PlatformAssemblyResolver.AssemblyResolverEvent(Object sender, Object eventArgs)
   at System.Runtime.Loader.AssemblyLoadContext.GetFirstResolvedAssemblyFromResolvingEvent(AssemblyName assemblyName)
   at System.Runtime.Loader.AssemblyLoadContext.ResolveUsingEvent(AssemblyName assemblyName)
   at System.Runtime.Loader.AssemblyLoadContext.ResolveUsingResolvingEvent(IntPtr gchManagedAssemblyLoadContext, AssemblyName assemblyName)
TpTrace Information: 0 : 26236, 1, 2022/03/23, 14:37:43.140, 4801316884518, vstest.console.dll, AssemblyResolver.OnResolve: Microsoft.TestPlatform.Extensions.BlameDataCollector: Resolving assembly.
TpTrace Information: 0 : 26236, 1, 2022/03/23, 14:37:43.140, 4801316885026, vstest.console.dll, AssemblyResolver.OnResolve: Microsoft.TestPlatform.Extensions.BlameDataCollector: Searching in: 'C:\Program Files\dotnet\sdk\6.0.102\Extensions'.
TpTrace Information: 0 : 26236, 1, 2022/03/23, 14:37:43.141, 4801316892503, vstest.console.dll, AssemblyResolver.OnResolve: Microsoft.TestPlatform.Extensions.BlameDataCollector: Loading assembly 'C:\Program Files\dotnet\sdk\6.0.102\Extensions\Microsoft.TestPlatform.Extensions.BlameDataCollector.dll'.
TpTrace Information: 0 : 26236, 1, 2022/03/23, 14:37:43.142, 4801316901399, vstest.console.dll, AssemblyResolver.OnResolve: Resolved assembly: Microsoft.TestPlatform.Extensions.BlameDataCollector, from path: C:\Program Files\dotnet\sdk\6.0.102\Extensions\Microsoft.TestPlatform.Extensions.BlameDataCollector.dll
TpTrace Information: 0 : 26236, 1, 2022/03/23, 14:37:43.143, 4801316910866, vstest.console.dll, AssemblyResolver.OnResolve: Microsoft.TestPlatform.Extensions.EventLogCollector: Resolving assembly.
TpTrace Information: 0 : 26236, 1, 2022/03/23, 14:37:43.143, 4801316911596, vstest.console.dll, AssemblyResolver.OnResolve: Microsoft.TestPlatform.Extensions.EventLogCollector: Searching in: 'C:\Program Files\dotnet\sdk\6.0.102\Extensions'.
TpTrace Information: 0 : 26236, 1, 2022/03/23, 14:37:43.144, 4801316919127, vstest.console.dll, AssemblyResolver.OnResolve: Microsoft.TestPlatform.Extensions.EventLogCollector: Loading assembly 'C:\Program Files\dotnet\sdk\6.0.102\Extensions\Microsoft.TestPlatform.Extensions.EventLogCollector.dll'.
TpTrace Information: 0 : 26236, 1, 2022/03/23, 14:37:43.144, 4801316925424, vstest.console.dll, AssemblyResolver.OnResolve: Resolved assembly: Microsoft.TestPlatform.Extensions.EventLogCollector, from path: C:\Program Files\dotnet\sdk\6.0.102\Extensions\Microsoft.TestPlatform.Extensions.EventLogCollector.dll
TpTrace Information: 0 : 26236, 1, 2022/03/23, 14:37:43.147, 4801316951696, vstest.console.dll, AssemblyResolver.OnResolve: Microsoft.TestPlatform.TestHostRuntimeProvider: Resolving assembly.
TpTrace Information: 0 : 26236, 1, 2022/03/23, 14:37:43.147, 4801316953532, vstest.console.dll, AssemblyResolver.OnResolve: Microsoft.TestPlatform.TestHostRuntimeProvider: Searching in: 'C:\Program Files\dotnet\sdk\6.0.102\Extensions'.
TpTrace Information: 0 : 26236, 1, 2022/03/23, 14:37:43.148, 4801316958522, vstest.console.dll, AssemblyResolver.OnResolve: Microsoft.TestPlatform.TestHostRuntimeProvider: Loading assembly 'C:\Program Files\dotnet\sdk\6.0.102\Extensions\Microsoft.TestPlatform.TestHostRuntimeProvider.dll'.
TpTrace Information: 0 : 26236, 1, 2022/03/23, 14:37:43.148, 4801316964233, vstest.console.dll, AssemblyResolver.OnResolve: Resolved assembly: Microsoft.TestPlatform.TestHostRuntimeProvider, from path: C:\Program Files\dotnet\sdk\6.0.102\Extensions\Microsoft.TestPlatform.TestHostRuntimeProvider.dll
TpTrace Information: 0 : 26236, 1, 2022/03/23, 14:37:43.150, 4801316982692, vstest.console.dll, AssemblyResolver.OnResolve: Microsoft.VisualStudio.TestPlatform.Extensions.Html.TestLogger: Resolving assembly.
TpTrace Information: 0 : 26236, 1, 2022/03/23, 14:37:43.150, 4801316984111, vstest.console.dll, AssemblyResolver.OnResolve: Microsoft.VisualStudio.TestPlatform.Extensions.Html.TestLogger: Searching in: 'C:\Program Files\dotnet\sdk\6.0.102\Extensions'.
TpTrace Information: 0 : 26236, 1, 2022/03/23, 14:37:43.151, 4801316993302, vstest.console.dll, AssemblyResolver.OnResolve: Microsoft.VisualStudio.TestPlatform.Extensions.Html.TestLogger: Loading assembly 'C:\Program Files\dotnet\sdk\6.0.102\Extensions\Microsoft.VisualStudio.TestPlatform.Extensions.Html.TestLogger.dll'.
TpTrace Information: 0 : 26236, 1, 2022/03/23, 14:37:43.152, 4801317002663, vstest.console.dll, AssemblyResolver.OnResolve: Resolved assembly: Microsoft.VisualStudio.TestPlatform.Extensions.Html.TestLogger, from path: C:\Program Files\dotnet\sdk\6.0.102\Extensions\Microsoft.VisualStudio.TestPlatform.Extensions.Html.TestLogger.dll
TpTrace Information: 0 : 26236, 1, 2022/03/23, 14:37:43.153, 4801317008286, vstest.console.dll, AssemblyResolver.OnResolve: Microsoft.VisualStudio.TestPlatform.Extensions.Trx.TestLogger: Resolving assembly.
TpTrace Information: 0 : 26236, 1, 2022/03/23, 14:37:43.153, 4801317009107, vstest.console.dll, AssemblyResolver.OnResolve: Microsoft.VisualStudio.TestPlatform.Extensions.Trx.TestLogger: Searching in: 'C:\Program Files\dotnet\sdk\6.0.102\Extensions'.
TpTrace Information: 0 : 26236, 1, 2022/03/23, 14:37:43.154, 4801317017158, vstest.console.dll, AssemblyResolver.OnResolve: Microsoft.VisualStudio.TestPlatform.Extensions.Trx.TestLogger: Loading assembly 'C:\Program Files\dotnet\sdk\6.0.102\Extensions\Microsoft.VisualStudio.TestPlatform.Extensions.Trx.TestLogger.dll'.
TpTrace Information: 0 : 26236, 1, 2022/03/23, 14:37:43.154, 4801317026749, vstest.console.dll, AssemblyResolver.OnResolve: Resolved assembly: Microsoft.VisualStudio.TestPlatform.Extensions.Trx.TestLogger, from path: C:\Program Files\dotnet\sdk\6.0.102\Extensions\Microsoft.VisualStudio.TestPlatform.Extensions.Trx.TestLogger.dll
TpTrace Verbose: 0 : 26236, 1, 2022/03/23, 14:37:43.155, 4801317032425, vstest.console.dll, TestPluginCache: Discovered the extensions using extension path ''.
TpTrace Verbose: 0 : 26236, 1, 2022/03/23, 14:37:43.155, 4801317033503, vstest.console.dll, TestPluginCache: Discoverers are ''.
TpTrace Verbose: 0 : 26236, 1, 2022/03/23, 14:37:43.155, 4801317033985, vstest.console.dll, TestPluginCache: Executors are ''.
TpTrace Verbose: 0 : 26236, 1, 2022/03/23, 14:37:43.155, 4801317034387, vstest.console.dll, TestPluginCache: Executors2 are ''.
TpTrace Verbose: 0 : 26236, 1, 2022/03/23, 14:37:43.155, 4801317034874, vstest.console.dll, TestPluginCache: Setting providers are ''.
TpTrace Verbose: 0 : 26236, 1, 2022/03/23, 14:37:43.155, 4801317035270, vstest.console.dll, TestPluginCache: Loggers are ''.
TpTrace Information: 0 : 26236, 1, 2022/03/23, 14:37:43.165, 4801317131122, vstest.console.dll, RunTestsArgumentProcessor:Execute: Test run is starting.
TpTrace Verbose: 0 : 26236, 1, 2022/03/23, 14:37:43.165, 4801317132725, vstest.console.dll, RunTestsArgumentProcessor:Execute: Queuing Test run.
TpTrace Information: 0 : 26236, 1, 2022/03/23, 14:37:43.165, 4801317135838, vstest.console.dll, TestRequestManager.RunTests: run tests started.
TpTrace Information: 0 : 26236, 1, 2022/03/23, 14:37:43.172, 4801317204710, vstest.console.dll, AssemblyMetadataProvider.GetFrameWork: Determined framework:'.NETCoreApp,Version=v3.1' for source: 'C:\Users\hp\Desktop\karonwi\week-5-karonwi\BankApp\BankApp.Test\bin\Debug\netcoreapp3.1\fine-code-coverage\build-output\BankApp.Test.dll'
TpTrace Information: 0 : 26236, 1, 2022/03/23, 14:37:43.173, 4801317208352, vstest.console.dll, Determined framework for all sources: .NETCoreApp,Version=v3.1
TpTrace Information: 0 : 26236, 1, 2022/03/23, 14:37:43.173, 4801317216066, vstest.console.dll, AssemblyMetadataProvider.GetArchitecture: Determined architecture:AnyCPU info for assembly: C:\Users\hp\Desktop\karonwi\week-5-karonwi\BankApp\BankApp.Test\bin\Debug\netcoreapp3.1\fine-code-coverage\build-output\BankApp.Test.dll
TpTrace Information: 0 : 26236, 1, 2022/03/23, 14:37:43.177, 4801317252596, vstest.console.dll, Determined platform for all sources: X64
TpTrace Information: 0 : 26236, 1, 2022/03/23, 14:37:43.182, 4801317302898, vstest.console.dll, Compatible sources list : 
TpTrace Information: 0 : 26236, 1, 2022/03/23, 14:37:43.182, 4801317305141, vstest.console.dll, C:\Users\hp\Desktop\karonwi\week-5-karonwi\BankApp\BankApp.Test\bin\Debug\netcoreapp3.1\fine-code-coverage\build-output\BankApp.Test.dll
TpTrace Information: 0 : 26236, 1, 2022/03/23, 14:37:43.186, 4801317346600, vstest.console.dll, InferRunSettingsHelper.IsTestSettingsEnabled: Unable to navigate to RunSettings/MSTest. Current node: RunSettings
TpTrace Information: 0 : 26236, 1, 2022/03/23, 14:37:43.188, 4801317362780, vstest.console.dll, AssemblyResolver.OnResolve: Microsoft.VisualStudio.TestPlatform.Fakes: Resolving assembly.
TpTrace Information: 0 : 26236, 1, 2022/03/23, 14:37:43.188, 4801317364033, vstest.console.dll, AssemblyResolver.OnResolve: Microsoft.VisualStudio.TestPlatform.Fakes: Searching in: 'C:\Program Files\dotnet\sdk\6.0.102\Extensions'.
TpTrace Information: 0 : 26236, 1, 2022/03/23, 14:37:43.188, 4801317365539, vstest.console.dll, AssemblyResolver.OnResolve: Microsoft.VisualStudio.TestPlatform.Fakes: Assembly path does not exist: 'C:\Program Files\dotnet\sdk\6.0.102\Extensions\Microsoft.VisualStudio.TestPlatform.Fakes.dll', returning.
TpTrace Information: 0 : 26236, 1, 2022/03/23, 14:37:43.188, 4801317366308, vstest.console.dll, AssemblyResolver.OnResolve: Microsoft.VisualStudio.TestPlatform.Fakes: Assembly path does not exist: 'C:\Program Files\dotnet\sdk\6.0.102\Extensions\Microsoft.VisualStudio.TestPlatform.Fakes.exe', returning.
TpTrace Information: 0 : 26236, 1, 2022/03/23, 14:37:43.188, 4801317366726, vstest.console.dll, AssemblyResolver.OnResolve: Microsoft.VisualStudio.TestPlatform.Fakes: Searching in: 'C:\Program Files\dotnet\sdk\6.0.102'.
TpTrace Information: 0 : 26236, 1, 2022/03/23, 14:37:43.189, 4801317367610, vstest.console.dll, AssemblyResolver.OnResolve: Microsoft.VisualStudio.TestPlatform.Fakes: Assembly path does not exist: 'C:\Program Files\dotnet\sdk\6.0.102\Microsoft.VisualStudio.TestPlatform.Fakes.dll', returning.
TpTrace Information: 0 : 26236, 1, 2022/03/23, 14:37:43.189, 4801317368307, vstest.console.dll, AssemblyResolver.OnResolve: Microsoft.VisualStudio.TestPlatform.Fakes: Assembly path does not exist: 'C:\Program Files\dotnet\sdk\6.0.102\Microsoft.VisualStudio.TestPlatform.Fakes.exe', returning.
TpTrace Information: 0 : 26236, 1, 2022/03/23, 14:37:43.189, 4801317368651, vstest.console.dll, AssemblyResolver.OnResolve: Microsoft.VisualStudio.TestPlatform.Fakes: Failed to load assembly.
TpTrace Information: 0 : 26236, 1, 2022/03/23, 14:37:43.189, 4801317372589, vstest.console.dll, Failed to load assembly Microsoft.VisualStudio.TestPlatform.Fakes, Version=17.0.0.0, Culture=neutral. Reason:System.IO.FileNotFoundException: Could not load file or assembly 'Microsoft.VisualStudio.TestPlatform.Fakes, Version=17.0.0.0, Culture=neutral, PublicKeyToken=null'. The system cannot find the file specified.
File name: 'Microsoft.VisualStudio.TestPlatform.Fakes, Version=17.0.0.0, Culture=neutral, PublicKeyToken=null'
   at System.Reflection.RuntimeAssembly.InternalLoad(ObjectHandleOnStack assemblyName, ObjectHandleOnStack requestingAssembly, StackCrawlMarkHandle stackMark, Boolean throwOnFileNotFound, ObjectHandleOnStack assemblyLoadContext, ObjectHandleOnStack retAssembly)
   at System.Reflection.RuntimeAssembly.InternalLoad(AssemblyName assemblyName, RuntimeAssembly requestingAssembly, StackCrawlMark& stackMark, Boolean throwOnFileNotFound, AssemblyLoadContext assemblyLoadContext)
   at System.Reflection.Assembly.Load(AssemblyName assemblyRef)
   at Microsoft.VisualStudio.TestPlatform.Common.Utilities.FakesUtilities.LoadTestPlatformAssembly()
TpTrace Verbose: 0 : 26236, 1, 2022/03/23, 14:37:43.194, 4801317423483, vstest.console.dll, TestPluginCache.DiscoverTestExtensions: finding test extensions in assemblies ends with: TestLogger.dll TPluginInfo: Microsoft.VisualStudio.TestPlatform.Common.ExtensionFramework.Utilities.TestLoggerPluginInformation TExtension: Microsoft.VisualStudio.TestPlatform.ObjectModel.Client.ITestLogger
TpTrace Verbose: 0 : 26236, 1, 2022/03/23, 14:37:43.194, 4801317424653, vstest.console.dll, TestPluginCache.GetExtensionPaths: Filtered extension paths: 
TpTrace Verbose: 0 : 26236, 1, 2022/03/23, 14:37:43.194, 4801317424922, vstest.console.dll, TestPluginCache.GetExtensionPaths: Added default extension paths: C:\Program Files\dotnet\sdk\6.0.102\Extensions\Microsoft.Diagnostics.NETCore.Client.dll
C:\Program Files\dotnet\sdk\6.0.102\Extensions\Microsoft.TestPlatform.Extensions.BlameDataCollector.dll
C:\Program Files\dotnet\sdk\6.0.102\Extensions\Microsoft.TestPlatform.Extensions.EventLogCollector.dll
C:\Program Files\dotnet\sdk\6.0.102\Extensions\Microsoft.TestPlatform.TestHostRuntimeProvider.dll
C:\Program Files\dotnet\sdk\6.0.102\Extensions\Microsoft.VisualStudio.TestPlatform.Extensions.Html.TestLogger.dll
C:\Program Files\dotnet\sdk\6.0.102\Extensions\Microsoft.VisualStudio.TestPlatform.Extensions.Trx.TestLogger.dll
TpTrace Verbose: 0 : 26236, 1, 2022/03/23, 14:37:43.194, 4801317425164, vstest.console.dll, TestPluginCache.GetExtensionPaths: Added unfilterableExtensionPaths: 
TpTrace Information: 0 : 26236, 1, 2022/03/23, 14:37:43.195, 4801317427012, vstest.console.dll, AssemblyResolver.AddSearchDirectories: Adding more searchDirectories C:\Program Files\dotnet\sdk\6.0.102\Extensions,C:\Program Files\dotnet\sdk\6.0.102
TpTrace Verbose: 0 : 26236, 1, 2022/03/23, 14:37:43.195, 4801317427438, vstest.console.dll, TestPluginCache.DiscoverTestExtensions: Discovering the extensions using extension path.
TpTrace Verbose: 0 : 26236, 1, 2022/03/23, 14:37:43.195, 4801317427754, vstest.console.dll, TestPluginCache.GetExtensionPaths: Filtered extension paths: 
TpTrace Verbose: 0 : 26236, 1, 2022/03/23, 14:37:43.195, 4801317428031, vstest.console.dll, TestPluginCache.GetExtensionPaths: Added default extension paths: C:\Program Files\dotnet\sdk\6.0.102\Extensions\Microsoft.Diagnostics.NETCore.Client.dll
C:\Program Files\dotnet\sdk\6.0.102\Extensions\Microsoft.TestPlatform.Extensions.BlameDataCollector.dll
C:\Program Files\dotnet\sdk\6.0.102\Extensions\Microsoft.TestPlatform.Extensions.EventLogCollector.dll
C:\Program Files\dotnet\sdk\6.0.102\Extensions\Microsoft.TestPlatform.TestHostRuntimeProvider.dll
C:\Program Files\dotnet\sdk\6.0.102\Extensions\Microsoft.VisualStudio.TestPlatform.Extensions.Html.TestLogger.dll
C:\Program Files\dotnet\sdk\6.0.102\Extensions\Microsoft.VisualStudio.TestPlatform.Extensions.Trx.TestLogger.dll
TpTrace Verbose: 0 : 26236, 1, 2022/03/23, 14:37:43.195, 4801317428305, vstest.console.dll, TestPluginCache.GetExtensionPaths: Added unfilterableExtensionPaths: 
TpTrace Verbose: 0 : 26236, 1, 2022/03/23, 14:37:43.195, 4801317428641, vstest.console.dll, TestPluginCache.DiscoverTestExtensions: Discovering the extensions using allExtensionPaths: C:\Program Files\dotnet\sdk\6.0.102\Extensions\Microsoft.Diagnostics.NETCore.Client.dll
C:\Program Files\dotnet\sdk\6.0.102\Extensions\Microsoft.TestPlatform.Extensions.BlameDataCollector.dll
C:\Program Files\dotnet\sdk\6.0.102\Extensions\Microsoft.TestPlatform.Extensions.EventLogCollector.dll
C:\Program Files\dotnet\sdk\6.0.102\Extensions\Microsoft.TestPlatform.TestHostRuntimeProvider.dll
C:\Program Files\dotnet\sdk\6.0.102\Extensions\Microsoft.VisualStudio.TestPlatform.Extensions.Html.TestLogger.dll
C:\Program Files\dotnet\sdk\6.0.102\Extensions\Microsoft.VisualStudio.TestPlatform.Extensions.Trx.TestLogger.dll
TpTrace Information: 0 : 26236, 1, 2022/03/23, 14:37:43.195, 4801317429022, vstest.console.dll, AssemblyResolver.AddSearchDirectories: Adding more searchDirectories C:\Program Files\dotnet\sdk\6.0.102\Extensions,C:\Program Files\dotnet\sdk\6.0.102
TpTrace Information: 0 : 26236, 1, 2022/03/23, 14:37:43.195, 4801317429550, vstest.console.dll, AssemblyResolver.AddSearchDirectories: Adding more searchDirectories C:\Program Files\dotnet\sdk\6.0.102\Extensions,C:\Program Files\dotnet\sdk\6.0.102
TpTrace Information: 0 : 26236, 1, 2022/03/23, 14:37:43.195, 4801317429980, vstest.console.dll, AssemblyResolver.AddSearchDirectories: Adding more searchDirectories C:\Program Files\dotnet\sdk\6.0.102\Extensions,C:\Program Files\dotnet\sdk\6.0.102
TpTrace Information: 0 : 26236, 1, 2022/03/23, 14:37:43.195, 4801317430407, vstest.console.dll, AssemblyResolver.AddSearchDirectories: Adding more searchDirectories C:\Program Files\dotnet\sdk\6.0.102\Extensions,C:\Program Files\dotnet\sdk\6.0.102
TpTrace Information: 0 : 26236, 1, 2022/03/23, 14:37:43.195, 4801317430897, vstest.console.dll, AssemblyResolver.AddSearchDirectories: Adding more searchDirectories C:\Program Files\dotnet\sdk\6.0.102\Extensions,C:\Program Files\dotnet\sdk\6.0.102
TpTrace Information: 0 : 26236, 1, 2022/03/23, 14:37:43.195, 4801317431320, vstest.console.dll, AssemblyResolver.AddSearchDirectories: Adding more searchDirectories C:\Program Files\dotnet\sdk\6.0.102\Extensions,C:\Program Files\dotnet\sdk\6.0.102
TpTrace Information: 0 : 26236, 1, 2022/03/23, 14:37:43.195, 4801317434384, vstest.console.dll, AssemblyResolver.OnResolve: Microsoft.Bcl.AsyncInterfaces: Resolving assembly.
TpTrace Information: 0 : 26236, 1, 2022/03/23, 14:37:43.195, 4801317434801, vstest.console.dll, AssemblyResolver.OnResolve: Microsoft.Bcl.AsyncInterfaces: Resolved from cache.
TpTrace Verbose: 0 : 26236, 1, 2022/03/23, 14:37:43.195, 4801317435118, vstest.console.dll, CurrentDomainAssemblyResolve: Resolving assembly 'Microsoft.Bcl.AsyncInterfaces'.
TpTrace Information: 0 : 26236, 1, 2022/03/23, 14:37:43.195, 4801317435486, vstest.console.dll, AssemblyResolver.OnResolve: Microsoft.Bcl.AsyncInterfaces: Resolving assembly.
TpTrace Information: 0 : 26236, 1, 2022/03/23, 14:37:43.195, 4801317435701, vstest.console.dll, AssemblyResolver.OnResolve: Microsoft.Bcl.AsyncInterfaces: Resolved from cache.
TpTrace Verbose: 0 : 26236, 1, 2022/03/23, 14:37:43.195, 4801317435943, vstest.console.dll, CurrentDomainAssemblyResolve: Resolving assembly 'Microsoft.Bcl.AsyncInterfaces'.
TpTrace Verbose: 0 : 26236, 1, 2022/03/23, 14:37:43.195, 4801317436206, vstest.console.dll, CurrentDomainAssemblyResolve: Failed to resolve assembly 'Microsoft.Bcl.AsyncInterfaces'.
TpTrace Verbose: 0 : 26236, 1, 2022/03/23, 14:37:43.196, 4801317437798, vstest.console.dll, CurrentDomainAssemblyResolve: Failed to resolve assembly 'Microsoft.Bcl.AsyncInterfaces'.
TpTrace Warning: 0 : 26236, 1, 2022/03/23, 14:37:43.196, 4801317444510, vstest.console.dll, TestPluginDiscoverer: Failed to get types from assembly 'Microsoft.Diagnostics.NETCore.Client, Version=0.2.4.21401, Culture=neutral, PublicKeyToken=31bf3856ad364e35'.  Skipping test extension scan for this assembly.  Error: System.Reflection.ReflectionTypeLoadException: Unable to load one or more of the requested types.
Could not load file or assembly 'Microsoft.Bcl.AsyncInterfaces, Version=1.0.0.0, Culture=neutral, PublicKeyToken=cc7b13ffcd2ddd51'. The system cannot find the file specified.
   at System.Reflection.RuntimeModule.GetTypes(RuntimeModule module)
   at System.Reflection.Assembly.GetTypes()
   at Microsoft.VisualStudio.TestPlatform.Common.ExtensionFramework.TestPluginDiscoverer.GetTestExtensionsFromAssembly[TPluginInfo,TExtension](Assembly assembly, Dictionary`2 pluginInfos)
System.IO.FileNotFoundException: Could not load file or assembly 'Microsoft.Bcl.AsyncInterfaces, Version=1.0.0.0, Culture=neutral, PublicKeyToken=cc7b13ffcd2ddd51'. The system cannot find the file specified.
File name: 'Microsoft.Bcl.AsyncInterfaces, Version=1.0.0.0, Culture=neutral, PublicKeyToken=cc7b13ffcd2ddd51'
 ---> System.IO.FileNotFoundException: Could not load file or assembly 'Microsoft.Bcl.AsyncInterfaces, Culture=neutral, PublicKeyToken=null'. The system cannot find the file specified.
File name: 'Microsoft.Bcl.AsyncInterfaces, Culture=neutral, PublicKeyToken=null'
   at System.Reflection.RuntimeAssembly.InternalLoad(ObjectHandleOnStack assemblyName, ObjectHandleOnStack requestingAssembly, StackCrawlMarkHandle stackMark, Boolean throwOnFileNotFound, ObjectHandleOnStack assemblyLoadContext, ObjectHandleOnStack retAssembly)
   at System.Reflection.RuntimeAssembly.InternalLoad(AssemblyName assemblyName, RuntimeAssembly requestingAssembly, StackCrawlMark& stackMark, Boolean throwOnFileNotFound, AssemblyLoadContext assemblyLoadContext)
   at System.Reflection.Assembly.Load(AssemblyName assemblyRef)
   at Microsoft.VisualStudio.TestPlatform.Common.ExtensionFramework.TestPluginCache.CurrentDomainAssemblyResolve(Object sender, AssemblyResolveEventArgs args)
   at Microsoft.VisualStudio.TestPlatform.PlatformAbstractions.PlatformAssemblyResolver.AssemblyResolverEvent(Object sender, Object eventArgs)
   at System.Runtime.Loader.AssemblyLoadContext.GetFirstResolvedAssemblyFromResolvingEvent(AssemblyName assemblyName)
   at System.Runtime.Loader.AssemblyLoadContext.ResolveUsingEvent(AssemblyName assemblyName)
   at System.Runtime.Loader.AssemblyLoadContext.ResolveUsingResolvingEvent(IntPtr gchManagedAssemblyLoadContext, AssemblyName assemblyName)
TpTrace Warning: 0 : 26236, 1, 2022/03/23, 14:37:43.197, 4801317446966, vstest.console.dll, LoaderExceptions: System.IO.FileNotFoundException: Could not load file or assembly 'Microsoft.Bcl.AsyncInterfaces, Version=1.0.0.0, Culture=neutral, PublicKeyToken=cc7b13ffcd2ddd51'. The system cannot find the file specified.
File name: 'Microsoft.Bcl.AsyncInterfaces, Version=1.0.0.0, Culture=neutral, PublicKeyToken=cc7b13ffcd2ddd51'
 ---> System.IO.FileNotFoundException: Could not load file or assembly 'Microsoft.Bcl.AsyncInterfaces, Culture=neutral, PublicKeyToken=null'. The system cannot find the file specified.
File name: 'Microsoft.Bcl.AsyncInterfaces, Culture=neutral, PublicKeyToken=null'
   at System.Reflection.RuntimeAssembly.InternalLoad(ObjectHandleOnStack assemblyName, ObjectHandleOnStack requestingAssembly, StackCrawlMarkHandle stackMark, Boolean throwOnFileNotFound, ObjectHandleOnStack assemblyLoadContext, ObjectHandleOnStack retAssembly)
   at System.Reflection.RuntimeAssembly.InternalLoad(AssemblyName assemblyName, RuntimeAssembly requestingAssembly, StackCrawlMark& stackMark, Boolean throwOnFileNotFound, AssemblyLoadContext assemblyLoadContext)
   at System.Reflection.Assembly.Load(AssemblyName assemblyRef)
   at Microsoft.VisualStudio.TestPlatform.Common.ExtensionFramework.TestPluginCache.CurrentDomainAssemblyResolve(Object sender, AssemblyResolveEventArgs args)
   at Microsoft.VisualStudio.TestPlatform.PlatformAbstractions.PlatformAssemblyResolver.AssemblyResolverEvent(Object sender, Object eventArgs)
   at System.Runtime.Loader.AssemblyLoadContext.GetFirstResolvedAssemblyFromResolvingEvent(AssemblyName assemblyName)
   at System.Runtime.Loader.AssemblyLoadContext.ResolveUsingEvent(AssemblyName assemblyName)
   at System.Runtime.Loader.AssemblyLoadContext.ResolveUsingResolvingEvent(IntPtr gchManagedAssemblyLoadContext, AssemblyName assemblyName)
TpTrace Verbose: 0 : 26236, 1, 2022/03/23, 14:37:43.197, 4801317451279, vstest.console.dll, TestPluginCache: Discovered the extensions using extension path ''.
TpTrace Verbose: 0 : 26236, 1, 2022/03/23, 14:37:43.197, 4801317451783, vstest.console.dll, TestPluginCache: Discoverers are ''.
TpTrace Verbose: 0 : 26236, 1, 2022/03/23, 14:37:43.197, 4801317452513, vstest.console.dll, TestPluginCache: Executors are ''.
TpTrace Verbose: 0 : 26236, 1, 2022/03/23, 14:37:43.197, 4801317452770, vstest.console.dll, TestPluginCache: Executors2 are ''.
TpTrace Verbose: 0 : 26236, 1, 2022/03/23, 14:37:43.197, 4801317453012, vstest.console.dll, TestPluginCache: Setting providers are ''.
TpTrace Verbose: 0 : 26236, 1, 2022/03/23, 14:37:43.197, 4801317454078, vstest.console.dll, TestPluginCache: Loggers are 'logger://Microsoft/TestPlatform/Extensions/Blame/v1,logger://Microsoft/TestPlatform/HtmlLogger/v1,logger://Microsoft/TestPlatform/TrxLogger/v1'.
TpTrace Information: 0 : 26236, 1, 2022/03/23, 14:37:43.198, 4801317462986, vstest.console.dll, TestPluginManager.CreateTestExtension: Attempting to load test extension: Microsoft.TestPlatform.Extensions.BlameDataCollector.BlameLogger
TpTrace Information: 0 : 26236, 1, 2022/03/23, 14:37:43.206, 4801317545454, vstest.console.dll, TestPluginManager.CreateTestExtension: Attempting to load test extension: Microsoft.VisualStudio.TestPlatform.CrossPlatEngine.Hosting.DefaultTestHostManager
TpTrace Information: 0 : 26236, 1, 2022/03/23, 14:37:43.207, 4801317550767, vstest.console.dll, TestPluginManager.CreateTestExtension: Attempting to load test extension: Microsoft.VisualStudio.TestPlatform.CrossPlatEngine.Hosting.DotnetTestHostManager
TpTrace Verbose: 0 : 26236, 1, 2022/03/23, 14:37:43.208, 4801317557197, vstest.console.dll, TestEngine: Initializing Parallel Execution as MaxCpuCount is set to: 1
TpTrace Information: 0 : 26236, 1, 2022/03/23, 14:37:43.208, 4801317564686, vstest.console.dll, InferRunSettingsHelper.IsTestSettingsEnabled: Unable to navigate to RunSettings/MSTest. Current node: RunSettings
TpTrace Verbose: 0 : 26236, 1, 2022/03/23, 14:37:43.229, 4801317767716, vstest.console.dll, TestRequestSender is acting as server
TpTrace Verbose: 0 : 26236, 5, 2022/03/23, 14:37:43.234, 4801317824387, vstest.console.dll, DataCollectionRequestSender.InitializeCommunication : Initialize communication. 
TpTrace Information: 0 : 26236, 5, 2022/03/23, 14:37:43.242, 4801317903904, vstest.console.dll, Listening on Endpoint : 127.0.0.1:49753
TpTrace Verbose: 0 : 26236, 5, 2022/03/23, 14:37:43.263, 4801318107715, vstest.console.dll, DotnetDataCollectionLauncher: Full path of dotnet.exe is C:\Program Files\dotnet\dotnet.exe
TpTrace Verbose: 0 : 26236, 5, 2022/03/23, 14:37:43.263, 4801318110192, vstest.console.dll, DotnetDataCollectionLauncher: Adding  --runtimeconfig "C:\Program Files\dotnet\sdk\6.0.102\datacollector.runtimeconfig.json" in args
TpTrace Verbose: 0 : 26236, 5, 2022/03/23, 14:37:43.263, 4801318113552, vstest.console.dll, DotnetDataCollectionLauncher: Adding  --depsfile "C:\Program Files\dotnet\sdk\6.0.102\datacollector.deps.json" in args
TpTrace Information: 0 : 26236, 5, 2022/03/23, 14:37:43.286, 4801318342244, vstest.console.dll, ProxyDataCollectionManager.Initialize: Launched datacollector processId: 26092 port: 49753
TpTrace Information: 0 : 26236, 5, 2022/03/23, 14:37:43.286, 4801318344225, vstest.console.dll, ProxyDataCollectionManager.Initialize: waiting for connection with timeout: 90 seconds
TpTrace Verbose: 0 : 26236, 5, 2022/03/23, 14:37:43.286, 4801318344951, vstest.console.dll, DataCollectionRequestSender.WaitForRequestHandlerConnection : Waiting for connection with timeout: 90000
TpTrace Information: 0 : 26236, 8, 2022/03/23, 14:37:43.461, 4801320094128, vstest.console.dll, Using the buffer size of 16384 bytes
TpTrace Information: 0 : 26236, 8, 2022/03/23, 14:37:43.461, 4801320095474, vstest.console.dll, Accepted Client request and set the flag
TpTrace Verbose: 0 : 26236, 5, 2022/03/23, 14:37:43.461, 4801320094784, vstest.console.dll, ProxyDataCollectionManager.InvokeDataCollectionServiceAction: Starting.
TpTrace Information: 0 : 26236, 5, 2022/03/23, 14:37:43.462, 4801320097456, vstest.console.dll, ProxyDataCollectionManager.BeforeTestRunStart: Get environment variable and port for datacollector processId: 26092 port: 49753
TpTrace Verbose: 0 : 26236, 5, 2022/03/23, 14:37:43.462, 4801320099320, vstest.console.dll, DataCollectionRequestSender.SendBeforeTestRunStartAndGetResult : Send BeforeTestRunStart message with settingsXml <RunSettings><RunConfiguration><ResultsDirectory>C:\Users\hp\Desktop\karonwi\week-5-karonwi\BankApp\BankApp.Test\bin\Debug\netcoreapp3.1\fine-code-coverage\coverage-tool-output</ResultsDirectory><TargetPlatform>X64</TargetPlatform><TargetFrameworkVersion>.NETCoreApp,Version=v3.1</TargetFrameworkVersion><DesignMode>False</DesignMode><CollectSourceInformation>False</CollectSourceInformation><TestAdaptersPaths>C:\Program Files\dotnet\sdk\6.0.102\Extensions</TestAdaptersPaths></RunConfiguration><LoggerRunSettings><Loggers><Logger friendlyName="blame" enabled="True" /><Logger friendlyName="Console" uri="logger://microsoft/TestPlatform/ConsoleLogger/v1" assemblyQualifiedName="Microsoft.VisualStudio.TestPlatform.CommandLine.Internal.ConsoleLogger, vstest.console, Version=15.0.0.0, Culture=neutral, PublicKeyToken=b03f5f7f11d50a3a" codeBase="C:\Program Files\dotnet\sdk\6.0.102\vstest.console.dll" enabled="True" /></Loggers></LoggerRunSettings><DataCollectionRunSettings><DataCollectors><DataCollector friendlyName="blame" enabled="True"><Configuration><ResultsDirectory>C:\Users\hp\Desktop\karonwi\week-5-karonwi\BankApp\BankApp.Test\bin\Debug\netcoreapp3.1\fine-code-coverage\coverage-tool-output</ResultsDirectory></Configuration></DataCollector></DataCollectors></DataCollectionRunSettings></RunSettings> and sources System.Linq.Enumerable+Concat2Iterator`1[System.String]: 
TpTrace Verbose: 0 : 26236, 5, 2022/03/23, 14:37:43.562, 4801321100088, vstest.console.dll, DataCollectionRequestSender.SendBeforeTestRunStartAndGetResult : Received message: (DataCollection.SendMessage) -> {
  "FriendlyName": null,
  "Uri": null,
  "TestCaseId": "00000000-0000-0000-0000-000000000000",
  "Message": "Logging DataCollector Diagnostics in file: C:\\Users\\hp\\Desktop\\karonwi\\week-5-karonwi\\BankApp\\BankApp.Test\\bin\\Debug\\netcoreapp3.1\\fine-code-coverage\\coverage-tool-output\\diagnostics.datacollector.22-03-23_14-37-43_25690_5.log",
  "Level": 0
}
TpTrace Verbose: 0 : 26236, 5, 2022/03/23, 14:37:43.656, 4801322041021, vstest.console.dll, DataCollectionRequestSender.SendBeforeTestRunStartAndGetResult : Received message: (DataCollection.BeforeTestRunStartResult) -> {
  "EnvironmentVariables": {},
  "DataCollectionEventsPort": 49755
}
TpTrace Information: 0 : 26236, 5, 2022/03/23, 14:37:43.664, 4801322125243, vstest.console.dll, ProxyDataCollectionManager.BeforeTestRunStart: SendBeforeTestRunStartAndGetResult successful, env variable from datacollector:   and testhost port: 49755
TpTrace Information: 0 : 26236, 5, 2022/03/23, 14:37:43.665, 4801322127439, vstest.console.dll, ProxyDataCollectionManager.InvokeDataCollectionServiceAction: Completed.
TpTrace Verbose: 0 : 26236, 1, 2022/03/23, 14:37:43.665, 4801322130224, vstest.console.dll, TestRunRequest.ExecuteAsync: Creating test run request.
TpTrace Verbose: 0 : 26236, 1, 2022/03/23, 14:37:43.665, 4801322135938, vstest.console.dll, TestRunRequest.ExecuteAsync: Starting.
TpTrace Information: 0 : 26236, 1, 2022/03/23, 14:37:43.666, 4801322144079, vstest.console.dll, TestRunRequest.ExecuteAsync: Starting run with settings:TestRunCriteria:
   KeepAlive=False,FrequencyOfRunStatsChangeEvent=10,RunStatsChangeEventTimeout=00:00:01.5000000,TestCaseFilter=,TestExecutorLauncher=
   Settingsxml=<RunSettings>
  <RunConfiguration>
    <ResultsDirectory>C:\Users\hp\Desktop\karonwi\week-5-karonwi\BankApp\BankApp.Test\bin\Debug\netcoreapp3.1\fine-code-coverage\coverage-tool-output</ResultsDirectory>
    <TargetPlatform>X64</TargetPlatform>
    <TargetFrameworkVersion>.NETCoreApp,Version=v3.1</TargetFrameworkVersion>
    <DesignMode>False</DesignMode>
    <CollectSourceInformation>False</CollectSourceInformation>
  </RunConfiguration>
  <LoggerRunSettings>
    <Loggers>
      <Logger friendlyName="blame" enabled="True" />
      <Logger friendlyName="Console" uri="logger://microsoft/TestPlatform/ConsoleLogger/v1" assemblyQualifiedName="Microsoft.VisualStudio.TestPlatform.CommandLine.Internal.ConsoleLogger, vstest.console, Version=15.0.0.0, Culture=neutral, PublicKeyToken=b03f5f7f11d50a3a" codeBase="C:\Program Files\dotnet\sdk\6.0.102\vstest.console.dll" enabled="True" />
    </Loggers>
  </LoggerRunSettings>
  <DataCollectionRunSettings>
    <DataCollectors>
      <DataCollector friendlyName="blame" enabled="True">
        <Configuration>
          <ResultsDirectory>C:\Users\hp\Desktop\karonwi\week-5-karonwi\BankApp\BankApp.Test\bin\Debug\netcoreapp3.1\fine-code-coverage\coverage-tool-output</ResultsDirectory>
        </Configuration>
      </DataCollector>
    </DataCollectors>
  </DataCollectionRunSettings>
</RunSettings>

TpTrace Verbose: 0 : 26236, 1, 2022/03/23, 14:37:43.666, 4801322145436, vstest.console.dll, TestRunRequest.ExecuteAsync: Wait for the first run request is over.
TpTrace Verbose: 0 : 26236, 1, 2022/03/23, 14:37:43.667, 4801322151459, vstest.console.dll, ParallelProxyExecutionManager: Start execution. Total sources: 1
TpTrace Information: 0 : 26236, 1, 2022/03/23, 14:37:43.668, 4801322159953, vstest.console.dll, ProxyParallelExecutionManager: Triggering test run for next source: C:\Users\hp\Desktop\karonwi\week-5-karonwi\BankApp\BankApp.Test\bin\Debug\netcoreapp3.1\fine-code-coverage\build-output\BankApp.Test.dll
TpTrace Verbose: 0 : 26236, 5, 2022/03/23, 14:37:43.668, 4801322161814, vstest.console.dll, ParallelProxyExecutionManager: Execution started. Started clients: 1
TpTrace Verbose: 0 : 26236, 1, 2022/03/23, 14:37:43.668, 4801322162116, vstest.console.dll, ProxyParallelExecutionManager: No sources available for execution.
TpTrace Information: 0 : 26236, 1, 2022/03/23, 14:37:43.668, 4801322163044, vstest.console.dll, TestRunRequest.ExecuteAsync: Started.
TpTrace Verbose: 0 : 26236, 1, 2022/03/23, 14:37:43.668, 4801322163696, vstest.console.dll, TestRunRequest.WaitForCompletion: Waiting with timeout -1.
TpTrace Verbose: 0 : 26236, 5, 2022/03/23, 14:37:43.668, 4801322165073, vstest.console.dll, TestRunRequest:SendTestRunMessage: Starting.
TpTrace Information: 0 : 26236, 5, 2022/03/23, 14:37:43.668, 4801322166313, vstest.console.dll, TestRunRequest:SendTestRunMessage: Completed.
TpTrace Verbose: 0 : 26236, 5, 2022/03/23, 14:37:43.669, 4801322169426, vstest.console.dll, ProxyExecutionManager: Test host is always Lazy initialize.
TpTrace Verbose: 0 : 26236, 5, 2022/03/23, 14:37:43.669, 4801322172378, vstest.console.dll, TestRequestSender.InitializeCommunication: initialize communication. 
TpTrace Information: 0 : 26236, 5, 2022/03/23, 14:37:43.670, 4801322179515, vstest.console.dll, SocketServer.Start: Listening on endpoint : 127.0.0.1:49756
TpTrace Verbose: 0 : 26236, 5, 2022/03/23, 14:37:43.671, 4801322191540, vstest.console.dll, DotnetTestHostmanager: Adding  --runtimeconfig "C:\Users\hp\Desktop\karonwi\week-5-karonwi\BankApp\BankApp.Test\bin\Debug\netcoreapp3.1\fine-code-coverage\build-output\BankApp.Test.runtimeconfig.json" in args
TpTrace Verbose: 0 : 26236, 5, 2022/03/23, 14:37:43.671, 4801322192655, vstest.console.dll, DotnetTestHostmanager: Adding  --depsfile "C:\Users\hp\Desktop\karonwi\week-5-karonwi\BankApp\BankApp.Test\bin\Debug\netcoreapp3.1\fine-code-coverage\build-output\BankApp.Test.deps.json" in args
TpTrace Verbose: 0 : 26236, 5, 2022/03/23, 14:37:43.671, 4801322194954, vstest.console.dll, DotnetTestHostManager: Testhost.exe/testhost.x86.exe found at path: C:\Users\hp\Desktop\karonwi\week-5-karonwi\BankApp\BankApp.Test\bin\Debug\netcoreapp3.1\fine-code-coverage\build-output\testhost.exe
TpTrace Verbose: 0 : 26236, 5, 2022/03/23, 14:37:43.671, 4801322195403, vstest.console.dll, DotnetTestHostmanager: Full path of host exe is C:\Users\hp\Desktop\karonwi\week-5-karonwi\BankApp\BankApp.Test\bin\Debug\netcoreapp3.1\fine-code-coverage\build-output\testhost.exe
TpTrace Verbose: 0 : 26236, 7, 2022/03/23, 14:37:43.673, 4801322207057, vstest.console.dll, DotnetTestHostManager: Starting process 'C:\Users\hp\Desktop\karonwi\week-5-karonwi\BankApp\BankApp.Test\bin\Debug\netcoreapp3.1\fine-code-coverage\build-output\testhost.exe' with command line ' --runtimeconfig "C:\Users\hp\Desktop\karonwi\week-5-karonwi\BankApp\BankApp.Test\bin\Debug\netcoreapp3.1\fine-code-coverage\build-output\BankApp.Test.runtimeconfig.json" --depsfile "C:\Users\hp\Desktop\karonwi\week-5-karonwi\BankApp\BankApp.Test\bin\Debug\netcoreapp3.1\fine-code-coverage\build-output\BankApp.Test.deps.json" --port 49756 --endpoint 127.0.0.1:049756 --role client --parentprocessid 26236 --diag "C:\Users\hp\Desktop\karonwi\week-5-karonwi\BankApp\BankApp.Test\bin\Debug\netcoreapp3.1\fine-code-coverage\coverage-tool-output\diagnostics.host.22-03-23_14-37-43_67085_5.log" --tracelevel 4 --datacollectionport 49755 --telemetryoptedin false'
TpTrace Verbose: 0 : 26236, 7, 2022/03/23, 14:37:43.678, 4801322266763, vstest.console.dll, Test Runtime launched
TpTrace Verbose: 0 : 26236, 5, 2022/03/23, 14:37:43.679, 4801322272537, vstest.console.dll, TestRequestSender.WaitForRequestHandlerConnection: waiting for connection with timeout: 90000
TpTrace Verbose: 0 : 26236, 7, 2022/03/23, 14:37:43.912, 4801324602795, vstest.console.dll, SocketServer.OnClientConnected: Client connected for endPoint: 127.0.0.1:49756, starting MessageLoopAsync:
TpTrace Verbose: 0 : 26236, 7, 2022/03/23, 14:37:43.912, 4801324606383, vstest.console.dll, TcpClientExtensions.MessageLoopAsync: Polling on remoteEndPoint: 127.0.0.1:49757 localEndPoint: 127.0.0.1:49756
TpTrace Verbose: 0 : 26236, 7, 2022/03/23, 14:37:44.135, 4801326827612, vstest.console.dll, TcpClientExtensions.MessageLoopAsync: NotifyDataAvailable remoteEndPoint: 127.0.0.1:49757 localEndPoint: 127.0.0.1:49756
TpTrace Verbose: 0 : 26236, 7, 2022/03/23, 14:37:44.135, 4801326832147, vstest.console.dll, TestRequestSender.CheckVersionWithTestHost: onMessageReceived received message: (ProtocolVersion) -> 5
TpTrace Verbose: 0 : 26236, 7, 2022/03/23, 14:37:44.136, 4801326837653, vstest.console.dll, TcpClientExtensions.MessageLoopAsync: Polling on remoteEndPoint: 127.0.0.1:49757 localEndPoint: 127.0.0.1:49756
TpTrace Verbose: 0 : 26236, 5, 2022/03/23, 14:37:44.136, 4801326842530, vstest.console.dll, TestPluginCache.GetExtensionPaths: Filtered extension paths: 
TpTrace Verbose: 0 : 26236, 5, 2022/03/23, 14:37:44.136, 4801326843639, vstest.console.dll, TestPluginCache.GetExtensionPaths: Added default extension paths: C:\Program Files\dotnet\sdk\6.0.102\Extensions\Microsoft.Diagnostics.NETCore.Client.dll
C:\Program Files\dotnet\sdk\6.0.102\Extensions\Microsoft.TestPlatform.Extensions.BlameDataCollector.dll
C:\Program Files\dotnet\sdk\6.0.102\Extensions\Microsoft.TestPlatform.Extensions.EventLogCollector.dll
C:\Program Files\dotnet\sdk\6.0.102\Extensions\Microsoft.TestPlatform.TestHostRuntimeProvider.dll
C:\Program Files\dotnet\sdk\6.0.102\Extensions\Microsoft.VisualStudio.TestPlatform.Extensions.Html.TestLogger.dll
C:\Program Files\dotnet\sdk\6.0.102\Extensions\Microsoft.VisualStudio.TestPlatform.Extensions.Trx.TestLogger.dll
TpTrace Verbose: 0 : 26236, 5, 2022/03/23, 14:37:44.136, 4801326844168, vstest.console.dll, TestPluginCache.GetExtensionPaths: Added unfilterableExtensionPaths: 
TpTrace Verbose: 0 : 26236, 5, 2022/03/23, 14:37:44.142, 4801326897774, vstest.console.dll, TestRequestSender.InitializeExecution: Sending initializing execution with message: {"Version":5,"MessageType":"TestExecution.Initialize","Payload":["C:\\Users\\hp\\Desktop\\karonwi\\week-5-karonwi\\BankApp\\BankApp.Test\\bin\\Debug\\netcoreapp3.1\\fine-code-coverage\\build-output\\xunit.runner.visualstudio.dotnetcore.testadapter.dll"]}
TpTrace Verbose: 0 : 26236, 7, 2022/03/23, 14:37:44.147, 4801326950893, vstest.console.dll, TcpClientExtensions.MessageLoopAsync: NotifyDataAvailable remoteEndPoint: 127.0.0.1:49757 localEndPoint: 127.0.0.1:49756
TpTrace Verbose: 0 : 26236, 7, 2022/03/23, 14:37:44.147, 4801326953021, vstest.console.dll, TestRequestSender.OnExecutionMessageReceived: Received message: {"Version":5,"MessageType":"TestSession.Message","Payload":{"MessageLevel":0,"Message":"Logging TestHost Diagnostics in file: C:\\Users\\hp\\Desktop\\karonwi\\week-5-karonwi\\BankApp\\BankApp.Test\\bin\\Debug\\netcoreapp3.1\\fine-code-coverage\\coverage-tool-output\\diagnostics.host.22-03-23_14-37-43_67085_5.log"}}
TpTrace Verbose: 0 : 26236, 7, 2022/03/23, 14:37:44.149, 4801326972480, vstest.console.dll, TestRunRequest:SendTestRunMessage: Starting.
TpTrace Information: 0 : 26236, 7, 2022/03/23, 14:37:44.149, 4801326974051, vstest.console.dll, TestRunRequest:SendTestRunMessage: Completed.
TpTrace Verbose: 0 : 26236, 7, 2022/03/23, 14:37:44.149, 4801326974465, vstest.console.dll, TcpClientExtensions.MessageLoopAsync: Polling on remoteEndPoint: 127.0.0.1:49757 localEndPoint: 127.0.0.1:49756
TpTrace Verbose: 0 : 26236, 5, 2022/03/23, 14:37:44.161, 4801327092026, vstest.console.dll, TestRequestSender.StartTestRun: Sending test run with message: {"Version":5,"MessageType":"TestExecution.StartWithSources","Payload":{"AdapterSourceMap":{"_none_":["C:\\Users\\hp\\Desktop\\karonwi\\week-5-karonwi\\BankApp\\BankApp.Test\\bin\\Debug\\netcoreapp3.1\\fine-code-coverage\\build-output\\BankApp.Test.dll"]},"RunSettings":"<RunSettings>\r\n  <RunConfiguration>\r\n    <ResultsDirectory>C:\\Users\\hp\\Desktop\\karonwi\\week-5-karonwi\\BankApp\\BankApp.Test\\bin\\Debug\\netcoreapp3.1\\fine-code-coverage\\coverage-tool-output</ResultsDirectory>\r\n    <TargetPlatform>X64</TargetPlatform>\r\n    <TargetFrameworkVersion>.NETCoreApp,Version=v3.1</TargetFrameworkVersion>\r\n    <DesignMode>False</DesignMode>\r\n    <CollectSourceInformation>False</CollectSourceInformation>\r\n  </RunConfiguration>\r\n  <LoggerRunSettings>\r\n    <Loggers>\r\n      <Logger friendlyName=\"blame\" enabled=\"True\" />\r\n      <Logger friendlyName=\"Console\" uri=\"logger://microsoft/TestPlatform/ConsoleLogger/v1\" assemblyQualifiedName=\"Microsoft.VisualStudio.TestPlatform.CommandLine.Internal.ConsoleLogger, vstest.console, Version=15.0.0.0, Culture=neutral, PublicKeyToken=b03f5f7f11d50a3a\" codeBase=\"C:\\Program Files\\dotnet\\sdk\\6.0.102\\vstest.console.dll\" enabled=\"True\" />\r\n    </Loggers>\r\n  </LoggerRunSettings>\r\n  <DataCollectionRunSettings>\r\n    <DataCollectors>\r\n      <DataCollector friendlyName=\"blame\" enabled=\"True\">\r\n        <Configuration>\r\n          <ResultsDirectory>C:\\Users\\hp\\Desktop\\karonwi\\week-5-karonwi\\BankApp\\BankApp.Test\\bin\\Debug\\netcoreapp3.1\\fine-code-coverage\\coverage-tool-output</ResultsDirectory>\r\n        </Configuration>\r\n      </DataCollector>\r\n    </DataCollectors>\r\n  </DataCollectionRunSettings>\r\n</RunSettings>","TestExecutionContext":{"FrequencyOfRunStatsChangeEvent":10,"RunStatsChangeEventTimeout":"00:00:01.5000000","InIsolation":false,"KeepAlive":false,"AreTestCaseLevelEventsRequired":false,"IsDebug":false,"TestCaseFilter":null,"FilterOptions":null},"Package":null}}
TpTrace Verbose: 0 : 26236, 7, 2022/03/23, 14:37:44.358, 4801329059225, vstest.console.dll, TcpClientExtensions.MessageLoopAsync: NotifyDataAvailable remoteEndPoint: 127.0.0.1:49757 localEndPoint: 127.0.0.1:49756
TpTrace Verbose: 0 : 26236, 7, 2022/03/23, 14:37:44.358, 4801329061695, vstest.console.dll, TestRequestSender.OnExecutionMessageReceived: Received message: {"Version":5,"MessageType":"TestSession.Message","Payload":{"MessageLevel":0,"Message":"[xUnit.net 00:00:00.00] xUnit.net VSTest Adapter v2.4.3+1b45f5407b (64-bit .NET Core 3.1.22)"}}
TpTrace Verbose: 0 : 26236, 7, 2022/03/23, 14:37:44.358, 4801329065518, vstest.console.dll, TestRunRequest:SendTestRunMessage: Starting.
TpTrace Information: 0 : 26236, 7, 2022/03/23, 14:37:44.359, 4801329067030, vstest.console.dll, TestRunRequest:SendTestRunMessage: Completed.
TpTrace Verbose: 0 : 26236, 7, 2022/03/23, 14:37:44.359, 4801329067540, vstest.console.dll, TcpClientExtensions.MessageLoopAsync: Polling on remoteEndPoint: 127.0.0.1:49757 localEndPoint: 127.0.0.1:49756
TpTrace Verbose: 0 : 26236, 7, 2022/03/23, 14:37:44.891, 4801334388897, vstest.console.dll, TcpClientExtensions.MessageLoopAsync: NotifyDataAvailable remoteEndPoint: 127.0.0.1:49757 localEndPoint: 127.0.0.1:49756
TpTrace Verbose: 0 : 26236, 7, 2022/03/23, 14:37:44.891, 4801334391463, vstest.console.dll, TestRequestSender.OnExecutionMessageReceived: Received message: {"Version":5,"MessageType":"TestSession.Message","Payload":{"MessageLevel":0,"Message":"[xUnit.net 00:00:00.53]   Discovering: BankApp.Test"}}
TpTrace Verbose: 0 : 26236, 7, 2022/03/23, 14:37:44.891, 4801334394540, vstest.console.dll, TestRunRequest:SendTestRunMessage: Starting.
TpTrace Information: 0 : 26236, 7, 2022/03/23, 14:37:44.891, 4801334395372, vstest.console.dll, TestRunRequest:SendTestRunMessage: Completed.
TpTrace Verbose: 0 : 26236, 7, 2022/03/23, 14:37:44.891, 4801334395916, vstest.console.dll, TcpClientExtensions.MessageLoopAsync: Polling on remoteEndPoint: 127.0.0.1:49757 localEndPoint: 127.0.0.1:49756
TpTrace Verbose: 0 : 26236, 7, 2022/03/23, 14:37:44.968, 4801335158138, vstest.console.dll, TcpClientExtensions.MessageLoopAsync: NotifyDataAvailable remoteEndPoint: 127.0.0.1:49757 localEndPoint: 127.0.0.1:49756
TpTrace Verbose: 0 : 26236, 7, 2022/03/23, 14:37:44.968, 4801335160100, vstest.console.dll, TestRequestSender.OnExecutionMessageReceived: Received message: {"Version":5,"MessageType":"TestSession.Message","Payload":{"MessageLevel":0,"Message":"[xUnit.net 00:00:00.61]   Discovered:  BankApp.Test"}}
TpTrace Verbose: 0 : 26236, 7, 2022/03/23, 14:37:44.968, 4801335162550, vstest.console.dll, TestRunRequest:SendTestRunMessage: Starting.
TpTrace Information: 0 : 26236, 7, 2022/03/23, 14:37:44.968, 4801335163621, vstest.console.dll, TestRunRequest:SendTestRunMessage: Completed.
TpTrace Verbose: 0 : 26236, 7, 2022/03/23, 14:37:44.968, 4801335164188, vstest.console.dll, TcpClientExtensions.MessageLoopAsync: Polling on remoteEndPoint: 127.0.0.1:49757 localEndPoint: 127.0.0.1:49756
TpTrace Verbose: 0 : 26236, 7, 2022/03/23, 14:37:44.971, 4801335190206, vstest.console.dll, TcpClientExtensions.MessageLoopAsync: NotifyDataAvailable remoteEndPoint: 127.0.0.1:49757 localEndPoint: 127.0.0.1:49756
TpTrace Verbose: 0 : 26236, 7, 2022/03/23, 14:37:44.971, 4801335192176, vstest.console.dll, TestRequestSender.OnExecutionMessageReceived: Received message: {"Version":5,"MessageType":"TestSession.Message","Payload":{"MessageLevel":0,"Message":"[xUnit.net 00:00:00.61]   Starting:    BankApp.Test"}}
TpTrace Verbose: 0 : 26236, 7, 2022/03/23, 14:37:44.971, 4801335194255, vstest.console.dll, TestRunRequest:SendTestRunMessage: Starting.
TpTrace Information: 0 : 26236, 7, 2022/03/23, 14:37:44.971, 4801335194928, vstest.console.dll, TestRunRequest:SendTestRunMessage: Completed.
TpTrace Verbose: 0 : 26236, 7, 2022/03/23, 14:37:44.971, 4801335195263, vstest.console.dll, TcpClientExtensions.MessageLoopAsync: Polling on remoteEndPoint: 127.0.0.1:49757 localEndPoint: 127.0.0.1:49756
TpTrace Verbose: 0 : 26236, 7, 2022/03/23, 14:37:45.162, 4801337104760, vstest.console.dll, TcpClientExtensions.MessageLoopAsync: NotifyDataAvailable remoteEndPoint: 127.0.0.1:49757 localEndPoint: 127.0.0.1:49756
TpTrace Verbose: 0 : 26236, 7, 2022/03/23, 14:37:45.163, 4801337107646, vstest.console.dll, TestRequestSender.OnExecutionMessageReceived: Received message: {"Version":5,"MessageType":"TestExecution.StatsChange","Payload":{"NewTestResults":[{"TestCase":{"Id":"6816dde0-54f7-ff47-717e-b591d946459f","FullyQualifiedName":"BankApp.Test.ValidationTest.ShouldValidPassword","DisplayName":"BankApp.Test.ValidationTest.ShouldValidPassword(password: \"samuel\", expected: False)","ExecutorUri":"executor://xunit/VsTestRunner2/netcoreapp","Source":"C:\\Users\\hp\\Desktop\\karonwi\\week-5-karonwi\\BankApp\\BankApp.Test\\bin\\Debug\\netcoreapp3.1\\fine-code-coverage\\build-output\\BankApp.Test.dll","CodeFilePath":null,"LineNumber":0,"Properties":[]},"Attachments":[],"Outcome":1,"ErrorMessage":null,"ErrorStackTrace":null,"DisplayName":"BankApp.Test.ValidationTest.ShouldValidPassword(password: \"samuel\", expected: False)","Messages":[],"ComputerName":"KARONWI","Duration":"00:00:00.0115963","StartTime":"2022-03-23T13:37:45.0777071+00:00","EndTime":"2022-03-23T13:37:45.0778148+00:00","Properties":[]},{"TestCase":{"Id":"2fdd8c1d-da53-e7b1-4fc5-682266b4e9d7","FullyQualifiedName":"BankApp.Test.ValidationTest.ShouldValidPassword","DisplayName":"BankApp.Test.ValidationTest.ShouldValidPassword(password: \"Samuel7413#$\", expected: True)","ExecutorUri":"executor://xunit/VsTestRunner2/netcoreapp","Source":"C:\\Users\\hp\\Desktop\\karonwi\\week-5-karonwi\\BankApp\\BankApp.Test\\bin\\Debug\\netcoreapp3.1\\fine-code-coverage\\build-output\\BankApp.Test.dll","CodeFilePath":null,"LineNumber":0,"Properties":[]},"Attachments":[],"Outcome":1,"ErrorMessage":null,"ErrorStackTrace":null,"DisplayName":"BankApp.Test.ValidationTest.ShouldValidPassword(password: \"Samuel7413#$\", expected: True)","Messages":[],"ComputerName":"KARONWI","Duration":"00:00:00.0002059","StartTime":"2022-03-23T13:37:45.1041246+00:00","EndTime":"2022-03-23T13:37:45.1041282+00:00","Properties":[]},{"TestCase":{"Id":"9f510a47-7317-3c73-420d-0056a2a79666","FullyQualifiedName":"BankApp.Test.ValidationTest.ShouldValidPassword","DisplayName":"BankApp.Test.ValidationTest.ShouldValidPassword(password: \"samuel74\", expected: False)","ExecutorUri":"executor://xunit/VsTestRunner2/netcoreapp","Source":"C:\\Users\\hp\\Desktop\\karonwi\\week-5-karonwi\\BankApp\\BankApp.Test\\bin\\Debug\\netcoreapp3.1\\fine-code-coverage\\build-output\\BankApp.Test.dll","CodeFilePath":null,"LineNumber":0,"Properties":[]},"Attachments":[],"Outcome":1,"ErrorMessage":null,"ErrorStackTrace":null,"DisplayName":"BankApp.Test.ValidationTest.ShouldValidPassword(password: \"samuel74\", expected: False)","Messages":[],"ComputerName":"KARONWI","Duration":"00:00:00.0000432","StartTime":"2022-03-23T13:37:45.1075498+00:00","EndTime":"2022-03-23T13:37:45.1075537+00:00","Properties":[]},{"TestCase":{"Id":"12b05ab9-eae1-1d85-85d9-1e32ae98545c","FullyQualifiedName":"BankApp.Test.ValidationTest.ShouldValidPassword","DisplayName":"BankApp.Test.ValidationTest.ShouldValidPassword(password: \"Samuel7413#\", expected: True)","ExecutorUri":"executor://xunit/VsTestRunner2/netcoreapp","Source":"C:\\Users\\hp\\Desktop\\karonwi\\week-5-karonwi\\BankApp\\BankApp.Test\\bin\\Debug\\netcoreapp3.1\\fine-code-coverage\\build-output\\BankApp.Test.dll","CodeFilePath":null,"LineNumber":0,"Properties":[]},"Attachments":[],"Outcome":1,"ErrorMessage":null,"ErrorStackTrace":null,"DisplayName":"BankApp.Test.ValidationTest.ShouldValidPassword(password: \"Samuel7413#\", expected: True)","Messages":[],"ComputerName":"KARONWI","Duration":"00:00:00.0000273","StartTime":"2022-03-23T13:37:45.1107102+00:00","EndTime":"2022-03-23T13:37:45.1107144+00:00","Properties":[]},{"TestCase":{"Id":"b1328dc5-8d57-2b82-0365-db81fc27589d","FullyQualifiedName":"BankApp.Test.ValidationTest.ShouldValidateLastName","DisplayName":"BankApp.Test.ValidationTest.ShouldValidateLastName(name: \"SAMUEL\", expected: True)","ExecutorUri":"executor://xunit/VsTestRunner2/netcoreapp","Source":"C:\\Users\\hp\\Desktop\\karonwi\\week-5-karonwi\\BankApp\\BankApp.Test\\bin\\Debug\\netcoreapp3.1\\fine-code-coverage\\build-output\\BankApp.Test.dll","CodeFilePath":null,"LineNumber":0,"Properties":[]},"Attachments":[],"Outcome":1,"ErrorMessage":null,"ErrorStackTrace":null,"DisplayName":"BankApp.Test.ValidationTest.ShouldValidateLastName(name: \"SAMUEL\", expected: True)","Messages":[],"ComputerName":"KARONWI","Duration":"00:00:00.0003272","StartTime":"2022-03-23T13:37:45.1131644+00:00","EndTime":"2022-03-23T13:37:45.1131672+00:00","Properties":[]}],"TestRunStatistics":{"ExecutedTests":5,"Stats":{"Passed":5}},"ActiveTests":[{"Id":"25550727-8963-0440-984b-63808d2fd944","FullyQualifiedName":"BankApp.Test.TransactionImplementationTest.ShouldAddTransactionWhenThereIsError","DisplayName":"BankApp.Test.TransactionImplementationTest.ShouldAddTransactionWhenThereIsError","ExecutorUri":"executor://xunit/VsTestRunner2/netcoreapp","Source":"C:\\Users\\hp\\Desktop\\karonwi\\week-5-karonwi\\BankApp\\BankApp.Test\\bin\\Debug\\netcoreapp3.1\\fine-code-coverage\\build-output\\BankApp.Test.dll","CodeFilePath":null,"LineNumber":0,"Properties":[]},{"Id":"daef161b-87ef-e689-6b9f-6fe502a642af","FullyQualifiedName":"BankApp.Test.AccountImplementationTest.ShouldAddAccountWhenThereIsError","DisplayName":"BankApp.Test.AccountImplementationTest.ShouldAddAccountWhenThereIsError","ExecutorUri":"executor://xunit/VsTestRunner2/netcoreapp","Source":"C:\\Users\\hp\\Desktop\\karonwi\\week-5-karonwi\\BankApp\\BankApp.Test\\bin\\Debug\\netcoreapp3.1\\fine-code-coverage\\build-output\\BankApp.Test.dll","CodeFilePath":null,"LineNumber":0,"Properties":[]},{"Id":"564d57d6-f757-c118-2c3e-af3ad4a20d2d","FullyQualifiedName":"BankApp.Test.AccountOperationTest.Deposit_Should","DisplayName":"BankApp.Test.AccountOperationTest.Deposit_Should(accountNumber: \"123456789\", amount: \"5000\", expected: True)","ExecutorUri":"executor://xunit/VsTestRunner2/netcoreapp","Source":"C:\\Users\\hp\\Desktop\\karonwi\\week-5-karonwi\\BankApp\\BankApp.Test\\bin\\Debug\\netcoreapp3.1\\fine-code-coverage\\build-output\\BankApp.Test.dll","CodeFilePath":null,"LineNumber":0,"Properties":[]},{"Id":"13f23135-d99b-47f1-004d-e454edf732f2","FullyQualifiedName":"BankApp.Test.CustomerImplementationTest.ShouldAddCustomerWhenThereIsError","DisplayName":"BankApp.Test.CustomerImplementationTest.ShouldAddCustomerWhenThereIsError","ExecutorUri":"executor://xunit/VsTestRunner2/netcoreapp","Source":"C:\\Users\\hp\\Desktop\\karonwi\\week-5-karonwi\\BankApp\\BankApp.Test\\bin\\Debug\\netcoreapp3.1\\fine-code-coverage\\build-output\\BankApp.Test.dll","CodeFilePath":null,"LineNumber":0,"Properties":[]},{"Id":"f7af8314-37bd-454b-0d13-e61c463a74a9","FullyQualifiedName":"BankApp.Test.ValidationTest.ShouldValidateLastName","DisplayName":"BankApp.Test.ValidationTest.ShouldValidateLastName(name: \"sAmuel\", expected: False)","ExecutorUri":"executor://xunit/VsTestRunner2/netcoreapp","Source":"C:\\Users\\hp\\Desktop\\karonwi\\week-5-karonwi\\BankApp\\BankApp.Test\\bin\\Debug\\netcoreapp3.1\\fine-code-coverage\\build-output\\BankApp.Test.dll","CodeFilePath":null,"LineNumber":0,"Properties":[]}]}}
TpTrace Verbose: 0 : 26236, 7, 2022/03/23, 14:37:45.198, 4801337462163, vstest.console.dll, TestRunRequest:SendTestRunStatsChange: Starting.
TpTrace Verbose: 0 : 26236, 7, 2022/03/23, 14:37:45.198, 4801337463873, vstest.console.dll, InProgress is BankApp.Test.TransactionImplementationTest.ShouldAddTransactionWhenThereIsError
TpTrace Verbose: 0 : 26236, 7, 2022/03/23, 14:37:45.198, 4801337464651, vstest.console.dll, InProgress is BankApp.Test.AccountImplementationTest.ShouldAddAccountWhenThereIsError
TpTrace Verbose: 0 : 26236, 7, 2022/03/23, 14:37:45.198, 4801337464970, vstest.console.dll, InProgress is BankApp.Test.AccountOperationTest.Deposit_Should(accountNumber: "123456789", amount: "5000", expected: True)
TpTrace Verbose: 0 : 26236, 7, 2022/03/23, 14:37:45.198, 4801337465256, vstest.console.dll, InProgress is BankApp.Test.CustomerImplementationTest.ShouldAddCustomerWhenThereIsError
TpTrace Verbose: 0 : 26236, 7, 2022/03/23, 14:37:45.198, 4801337465510, vstest.console.dll, InProgress is BankApp.Test.ValidationTest.ShouldValidateLastName(name: "sAmuel", expected: False)
TpTrace Information: 0 : 26236, 7, 2022/03/23, 14:37:45.199, 4801337468241, vstest.console.dll, TestRunRequest:SendTestRunStatsChange: Completed.
TpTrace Verbose: 0 : 26236, 7, 2022/03/23, 14:37:45.199, 4801337468882, vstest.console.dll, TcpClientExtensions.MessageLoopAsync: Polling on remoteEndPoint: 127.0.0.1:49757 localEndPoint: 127.0.0.1:49756
TpTrace Verbose: 0 : 26236, 7, 2022/03/23, 14:37:45.199, 4801337469325, vstest.console.dll, TcpClientExtensions.MessageLoopAsync: NotifyDataAvailable remoteEndPoint: 127.0.0.1:49757 localEndPoint: 127.0.0.1:49756
TpTrace Verbose: 0 : 26236, 7, 2022/03/23, 14:37:45.199, 4801337470776, vstest.console.dll, TestRequestSender.OnExecutionMessageReceived: Received message: {"Version":5,"MessageType":"TestExecution.StatsChange","Payload":{"NewTestResults":[{"TestCase":{"Id":"f7af8314-37bd-454b-0d13-e61c463a74a9","FullyQualifiedName":"BankApp.Test.ValidationTest.ShouldValidateLastName","DisplayName":"BankApp.Test.ValidationTest.ShouldValidateLastName(name: \"sAmuel\", expected: False)","ExecutorUri":"executor://xunit/VsTestRunner2/netcoreapp","Source":"C:\\Users\\hp\\Desktop\\karonwi\\week-5-karonwi\\BankApp\\BankApp.Test\\bin\\Debug\\netcoreapp3.1\\fine-code-coverage\\build-output\\BankApp.Test.dll","CodeFilePath":null,"LineNumber":0,"Properties":[]},"Attachments":[],"Outcome":1,"ErrorMessage":null,"ErrorStackTrace":null,"DisplayName":"BankApp.Test.ValidationTest.ShouldValidateLastName(name: \"sAmuel\", expected: False)","Messages":[],"ComputerName":"KARONWI","Duration":"00:00:00.0000299","StartTime":"2022-03-23T13:37:45.1643615+00:00","EndTime":"2022-03-23T13:37:45.1643653+00:00","Properties":[]},{"TestCase":{"Id":"a0b410d6-4d8f-c0ed-dd25-1234c4dd53aa","FullyQualifiedName":"BankApp.Test.ValidationTest.ShouldValidateLastName","DisplayName":"BankApp.Test.ValidationTest.ShouldValidateLastName(name: \"samuel\", expected: False)","ExecutorUri":"executor://xunit/VsTestRunner2/netcoreapp","Source":"C:\\Users\\hp\\Desktop\\karonwi\\week-5-karonwi\\BankApp\\BankApp.Test\\bin\\Debug\\netcoreapp3.1\\fine-code-coverage\\build-output\\BankApp.Test.dll","CodeFilePath":null,"LineNumber":0,"Properties":[]},"Attachments":[],"Outcome":1,"ErrorMessage":null,"ErrorStackTrace":null,"DisplayName":"BankApp.Test.ValidationTest.ShouldValidateLastName(name: \"samuel\", expected: False)","Messages":[],"ComputerName":"KARONWI","Duration":"00:00:00.0000156","StartTime":"2022-03-23T13:37:45.1685714+00:00","EndTime":"2022-03-23T13:37:45.1685759+00:00","Properties":[]},{"TestCase":{"Id":"afc418b6-1872-c8af-253e-53449bf6fc06","FullyQualifiedName":"BankApp.Test.ValidationTest.ShouldValidateLastName","DisplayName":"BankApp.Test.ValidationTest.ShouldValidateLastName(name: \"Samuel\", expected: True)","ExecutorUri":"executor://xunit/VsTestRunner2/netcoreapp","Source":"C:\\Users\\hp\\Desktop\\karonwi\\week-5-karonwi\\BankApp\\BankApp.Test\\bin\\Debug\\netcoreapp3.1\\fine-code-coverage\\build-output\\BankApp.Test.dll","CodeFilePath":null,"LineNumber":0,"Properties":[]},"Attachments":[],"Outcome":1,"ErrorMessage":null,"ErrorStackTrace":null,"DisplayName":"BankApp.Test.ValidationTest.ShouldValidateLastName(name: \"Samuel\", expected: True)","Messages":[],"ComputerName":"KARONWI","Duration":"00:00:00.0000141","StartTime":"2022-03-23T13:37:45.171318+00:00","EndTime":"2022-03-23T13:37:45.171321+00:00","Properties":[]},{"TestCase":{"Id":"fa289b75-be87-f928-1578-c0768bdd9f93","FullyQualifiedName":"BankApp.Test.ValidationTest.ShouldValidateEmail","DisplayName":"BankApp.Test.ValidationTest.ShouldValidateEmail(email: \"samuel@karonwi@gmail.com\", expected: False)","ExecutorUri":"executor://xunit/VsTestRunner2/netcoreapp","Source":"C:\\Users\\hp\\Desktop\\karonwi\\week-5-karonwi\\BankApp\\BankApp.Test\\bin\\Debug\\netcoreapp3.1\\fine-code-coverage\\build-output\\BankApp.Test.dll","CodeFilePath":null,"LineNumber":0,"Properties":[]},"Attachments":[],"Outcome":1,"ErrorMessage":null,"ErrorStackTrace":null,"DisplayName":"BankApp.Test.ValidationTest.ShouldValidateEmail(email: \"samuel@karonwi@gmail.com\", expected: False)","Messages":[],"ComputerName":"KARONWI","Duration":"00:00:00.0002764","StartTime":"2022-03-23T13:37:45.1738171+00:00","EndTime":"2022-03-23T13:37:45.17382+00:00","Properties":[]},{"TestCase":{"Id":"307f9c3f-b736-41f3-d0aa-d3a97e6db28a","FullyQualifiedName":"BankApp.Test.ValidationTest.ShouldValidateEmail","DisplayName":"BankApp.Test.ValidationTest.ShouldValidateEmail(email: \"samuel.karonwi.gmail.com\", expected: False)","ExecutorUri":"executor://xunit/VsTestRunner2/netcoreapp","Source":"C:\\Users\\hp\\Desktop\\karonwi\\week-5-karonwi\\BankApp\\BankApp.Test\\bin\\Debug\\netcoreapp3.1\\fine-code-coverage\\build-output\\BankApp.Test.dll","CodeFilePath":null,"LineNumber":0,"Properties":[]},"Attachments":[],"Outcome":1,"ErrorMessage":null,"ErrorStackTrace":null,"DisplayName":"BankApp.Test.ValidationTest.ShouldValidateEmail(email: \"samuel.karonwi.gmail.com\", expected: False)","Messages":[],"ComputerName":"KARONWI","Duration":"00:00:00.0000351","StartTime":"2022-03-23T13:37:45.1764404+00:00","EndTime":"2022-03-23T13:37:45.1764433+00:00","Properties":[]},{"TestCase":{"Id":"24902cb1-1fd6-5712-31de-9347b5069954","FullyQualifiedName":"BankApp.Test.ValidationTest.ShouldValidateEmail","DisplayName":"BankApp.Test.ValidationTest.ShouldValidateEmail(email: \"samuelkaronwi@gmail.com\", expected: True)","ExecutorUri":"executor://xunit/VsTestRunner2/netcoreapp","Source":"C:\\Users\\hp\\Desktop\\karonwi\\week-5-karonwi\\BankApp\\BankApp.Test\\bin\\Debug\\netcoreapp3.1\\fine-code-coverage\\build-output\\BankApp.Test.dll","CodeFilePath":null,"LineNumber":0,"Properties":[]},"Attachments":[],"Outcome":1,"ErrorMessage":null,"ErrorStackTrace":null,"DisplayName":"BankApp.Test.ValidationTest.ShouldValidateEmail(email: \"samuelkaronwi@gmail.com\", expected: True)","Messages":[],"ComputerName":"KARONWI","Duration":"00:00:00.0000327","StartTime":"2022-03-23T13:37:45.1793365+00:00","EndTime":"2022-03-23T13:37:45.1793397+00:00","Properties":[]},{"TestCase":{"Id":"461a42ed-2e35-5e0f-2db0-c1afe8e4bdfc","FullyQualifiedName":"BankApp.Test.ValidationTest.ShouldValidateEmail","DisplayName":"BankApp.Test.ValidationTest.ShouldValidateEmail(email: \"samuel.karonwi@gmail.uk\", expected: True)","ExecutorUri":"executor://xunit/VsTestRunner2/netcoreapp","Source":"C:\\Users\\hp\\Desktop\\karonwi\\week-5-karonwi\\BankApp\\BankApp.Test\\bin\\Debug\\netcoreapp3.1\\fine-code-coverage\\build-output\\BankApp.Test.dll","CodeFilePath":null,"LineNumber":0,"Properties":[]},"Attachments":[],"Outcome":1,"ErrorMessage":null,"ErrorStackTrace":null,"DisplayName":"BankApp.Test.ValidationTest.ShouldValidateEmail(email: \"samuel.karonwi@gmail.uk\", expected: True)","Messages":[],"ComputerName":"KARONWI","Duration":"00:00:00.0000249","StartTime":"2022-03-23T13:37:45.1869265+00:00","EndTime":"2022-03-23T13:37:45.1869319+00:00","Properties":[]},{"TestCase":{"Id":"3e296a00-f5b0-3826-a3cf-ef4fd3e3e334","FullyQualifiedName":"BankApp.Test.ValidationTest.ShouldValidateEmail","DisplayName":"BankApp.Test.ValidationTest.ShouldValidateEmail(email: \"samuel.karonwi@gmail.com\", expected: True)","ExecutorUri":"executor://xunit/VsTestRunner2/netcoreapp","Source":"C:\\Users\\hp\\Desktop\\karonwi\\week-5-karonwi\\BankApp\\BankApp.Test\\bin\\Debug\\netcoreapp3.1\\fine-code-coverage\\build-output\\BankApp.Test.dll","CodeFilePath":null,"LineNumber":0,"Properties":[]},"Attachments":[],"Outcome":1,"ErrorMessage":null,"ErrorStackTrace":null,"DisplayName":"BankApp.Test.ValidationTest.ShouldValidateEmail(email: \"samuel.karonwi@gmail.com\", expected: True)","Messages":[],"ComputerName":"KARONWI","Duration":"00:00:00.0002124","StartTime":"2022-03-23T13:37:45.1899261+00:00","EndTime":"2022-03-23T13:37:45.1899298+00:00","Properties":[]},{"TestCase":{"Id":"7c89cfe4-f487-388e-b28d-1c60d7650103","FullyQualifiedName":"BankApp.Test.ValidationTest.ShouldValidateFirstName","DisplayName":"BankApp.Test.ValidationTest.ShouldValidateFirstName(name: \"KAronwi\", expected: True)","ExecutorUri":"executor://xunit/VsTestRunner2/netcoreapp","Source":"C:\\Users\\hp\\Desktop\\karonwi\\week-5-karonwi\\BankApp\\BankApp.Test\\bin\\Debug\\netcoreapp3.1\\fine-code-coverage\\build-output\\BankApp.Test.dll","CodeFilePath":null,"LineNumber":0,"Properties":[]},"Attachments":[],"Outcome":1,"ErrorMessage":null,"ErrorStackTrace":null,"DisplayName":"BankApp.Test.ValidationTest.ShouldValidateFirstName(name: \"KAronwi\", expected: True)","Messages":[],"ComputerName":"KARONWI","Duration":"00:00:00.0002949","StartTime":"2022-03-23T13:37:45.1926715+00:00","EndTime":"2022-03-23T13:37:45.1926748+00:00","Properties":[]}],"TestRunStatistics":{"ExecutedTests":14,"Stats":{"Passed":14}},"ActiveTests":[{"Id":"1ad9bac6-2ba5-4efa-b2be-5e45194b0962","FullyQualifiedName":"BankApp.Test.ValidationTest.ShouldValidateFirstName","DisplayName":"BankApp.Test.ValidationTest.ShouldValidateFirstName(name: \"Karonwi\", expected: True)","ExecutorUri":"executor://xunit/VsTestRunner2/netcoreapp","Source":"C:\\Users\\hp\\Desktop\\karonwi\\week-5-karonwi\\BankApp\\BankApp.Test\\bin\\Debug\\netcoreapp3.1\\fine-code-coverage\\build-output\\BankApp.Test.dll","CodeFilePath":null,"LineNumber":0,"Properties":[]}]}}
TpTrace Verbose: 0 : 26236, 7, 2022/03/23, 14:37:45.201, 4801337491627, vstest.console.dll, TestRunRequest:SendTestRunStatsChange: Starting.
TpTrace Verbose: 0 : 26236, 7, 2022/03/23, 14:37:45.201, 4801337492501, vstest.console.dll, InProgress is BankApp.Test.ValidationTest.ShouldValidateFirstName(name: "Karonwi", expected: True)
TpTrace Information: 0 : 26236, 7, 2022/03/23, 14:37:45.201, 4801337493148, vstest.console.dll, TestRunRequest:SendTestRunStatsChange: Completed.
TpTrace Verbose: 0 : 26236, 7, 2022/03/23, 14:37:45.201, 4801337493575, vstest.console.dll, TcpClientExtensions.MessageLoopAsync: Polling on remoteEndPoint: 127.0.0.1:49757 localEndPoint: 127.0.0.1:49756
TpTrace Verbose: 0 : 26236, 7, 2022/03/23, 14:37:45.235, 4801337830028, vstest.console.dll, TcpClientExtensions.MessageLoopAsync: NotifyDataAvailable remoteEndPoint: 127.0.0.1:49757 localEndPoint: 127.0.0.1:49756
TpTrace Verbose: 0 : 26236, 7, 2022/03/23, 14:37:45.235, 4801337833553, vstest.console.dll, TestRequestSender.OnExecutionMessageReceived: Received message: {"Version":5,"MessageType":"TestExecution.StatsChange","Payload":{"NewTestResults":[{"TestCase":{"Id":"1ad9bac6-2ba5-4efa-b2be-5e45194b0962","FullyQualifiedName":"BankApp.Test.ValidationTest.ShouldValidateFirstName","DisplayName":"BankApp.Test.ValidationTest.ShouldValidateFirstName(name: \"Karonwi\", expected: True)","ExecutorUri":"executor://xunit/VsTestRunner2/netcoreapp","Source":"C:\\Users\\hp\\Desktop\\karonwi\\week-5-karonwi\\BankApp\\BankApp.Test\\bin\\Debug\\netcoreapp3.1\\fine-code-coverage\\build-output\\BankApp.Test.dll","CodeFilePath":null,"LineNumber":0,"Properties":[]},"Attachments":[],"Outcome":1,"ErrorMessage":null,"ErrorStackTrace":null,"DisplayName":"BankApp.Test.ValidationTest.ShouldValidateFirstName(name: \"Karonwi\", expected: True)","Messages":[],"ComputerName":"KARONWI","Duration":"00:00:00.0000196","StartTime":"2022-03-23T13:37:45.1972519+00:00","EndTime":"2022-03-23T13:37:45.1972563+00:00","Properties":[]},{"TestCase":{"Id":"32b658ad-768f-44f6-22b4-34cf9d2de368","FullyQualifiedName":"BankApp.Test.ValidationTest.ShouldValidateFirstName","DisplayName":"BankApp.Test.ValidationTest.ShouldValidateFirstName(name: \"karonwi\", expected: False)","ExecutorUri":"executor://xunit/VsTestRunner2/netcoreapp","Source":"C:\\Users\\hp\\Desktop\\karonwi\\week-5-karonwi\\BankApp\\BankApp.Test\\bin\\Debug\\netcoreapp3.1\\fine-code-coverage\\build-output\\BankApp.Test.dll","CodeFilePath":null,"LineNumber":0,"Properties":[]},"Attachments":[],"Outcome":1,"ErrorMessage":null,"ErrorStackTrace":null,"DisplayName":"BankApp.Test.ValidationTest.ShouldValidateFirstName(name: \"karonwi\", expected: False)","Messages":[],"ComputerName":"KARONWI","Duration":"00:00:00.0000126","StartTime":"2022-03-23T13:37:45.1997246+00:00","EndTime":"2022-03-23T13:37:45.1997279+00:00","Properties":[]},{"TestCase":{"Id":"13f23135-d99b-47f1-004d-e454edf732f2","FullyQualifiedName":"BankApp.Test.CustomerImplementationTest.ShouldAddCustomerWhenThereIsError","DisplayName":"BankApp.Test.CustomerImplementationTest.ShouldAddCustomerWhenThereIsError","ExecutorUri":"executor://xunit/VsTestRunner2/netcoreapp","Source":"C:\\Users\\hp\\Desktop\\karonwi\\week-5-karonwi\\BankApp\\BankApp.Test\\bin\\Debug\\netcoreapp3.1\\fine-code-coverage\\build-output\\BankApp.Test.dll","CodeFilePath":null,"LineNumber":0,"Properties":[]},"Attachments":[],"Outcome":1,"ErrorMessage":null,"ErrorStackTrace":null,"DisplayName":"BankApp.Test.CustomerImplementationTest.ShouldAddCustomerWhenThereIsError","Messages":[],"ComputerName":"KARONWI","Duration":"00:00:00.1775028","StartTime":"2022-03-23T13:37:45.223629+00:00","EndTime":"2022-03-23T13:37:45.223634+00:00","Properties":[]},{"TestCase":{"Id":"daef161b-87ef-e689-6b9f-6fe502a642af","FullyQualifiedName":"BankApp.Test.AccountImplementationTest.ShouldAddAccountWhenThereIsError","DisplayName":"BankApp.Test.AccountImplementationTest.ShouldAddAccountWhenThereIsError","ExecutorUri":"executor://xunit/VsTestRunner2/netcoreapp","Source":"C:\\Users\\hp\\Desktop\\karonwi\\week-5-karonwi\\BankApp\\BankApp.Test\\bin\\Debug\\netcoreapp3.1\\fine-code-coverage\\build-output\\BankApp.Test.dll","CodeFilePath":null,"LineNumber":0,"Properties":[]},"Attachments":[],"Outcome":1,"ErrorMessage":null,"ErrorStackTrace":null,"DisplayName":"BankApp.Test.AccountImplementationTest.ShouldAddAccountWhenThereIsError","Messages":[],"ComputerName":"KARONWI","Duration":"00:00:00.1775074","StartTime":"2022-03-23T13:37:45.2256827+00:00","EndTime":"2022-03-23T13:37:45.2256842+00:00","Properties":[]},{"TestCase":{"Id":"25550727-8963-0440-984b-63808d2fd944","FullyQualifiedName":"BankApp.Test.TransactionImplementationTest.ShouldAddTransactionWhenThereIsError","DisplayName":"BankApp.Test.TransactionImplementationTest.ShouldAddTransactionWhenThereIsError","ExecutorUri":"executor://xunit/VsTestRunner2/netcoreapp","Source":"C:\\Users\\hp\\Desktop\\karonwi\\week-5-karonwi\\BankApp\\BankApp.Test\\bin\\Debug\\netcoreapp3.1\\fine-code-coverage\\build-output\\BankApp.Test.dll","CodeFilePath":null,"LineNumber":0,"Properties":[]},"Attachments":[],"Outcome":1,"ErrorMessage":null,"ErrorStackTrace":null,"DisplayName":"BankApp.Test.TransactionImplementationTest.ShouldAddTransactionWhenThereIsError","Messages":[],"ComputerName":"KARONWI","Duration":"00:00:00.1775110","StartTime":"2022-03-23T13:37:45.2273067+00:00","EndTime":"2022-03-23T13:37:45.2273078+00:00","Properties":[]},{"TestCase":{"Id":"564d57d6-f757-c118-2c3e-af3ad4a20d2d","FullyQualifiedName":"BankApp.Test.AccountOperationTest.Deposit_Should","DisplayName":"BankApp.Test.AccountOperationTest.Deposit_Should(accountNumber: \"123456789\", amount: \"5000\", expected: True)","ExecutorUri":"executor://xunit/VsTestRunner2/netcoreapp","Source":"C:\\Users\\hp\\Desktop\\karonwi\\week-5-karonwi\\BankApp\\BankApp.Test\\bin\\Debug\\netcoreapp3.1\\fine-code-coverage\\build-output\\BankApp.Test.dll","CodeFilePath":null,"LineNumber":0,"Properties":[]},"Attachments":[],"Outcome":1,"ErrorMessage":null,"ErrorStackTrace":null,"DisplayName":"BankApp.Test.AccountOperationTest.Deposit_Should(accountNumber: \"123456789\", amount: \"5000\", expected: True)","Messages":[],"ComputerName":"KARONWI","Duration":"00:00:00.1791659","StartTime":"2022-03-23T13:37:45.2323505+00:00","EndTime":"2022-03-23T13:37:45.2323556+00:00","Properties":[]}],"TestRunStatistics":{"ExecutedTests":20,"Stats":{"Passed":20}},"ActiveTests":[{"Id":"653cc92f-f1d4-8c82-54b0-c3ad90c26f5f","FullyQualifiedName":"BankApp.Test.TransactionImplementationTest.ShouldAddTransactionWhenNoError","DisplayName":"BankApp.Test.TransactionImplementationTest.ShouldAddTransactionWhenNoError","ExecutorUri":"executor://xunit/VsTestRunner2/netcoreapp","Source":"C:\\Users\\hp\\Desktop\\karonwi\\week-5-karonwi\\BankApp\\BankApp.Test\\bin\\Debug\\netcoreapp3.1\\fine-code-coverage\\build-output\\BankApp.Test.dll","CodeFilePath":null,"LineNumber":0,"Properties":[]},{"Id":"de6e477e-53a5-1274-8396-ca3af9153d99","FullyQualifiedName":"BankApp.Test.AccountImplementationTest.ShouldThrowExceptionWhenAllAccount","DisplayName":"BankApp.Test.AccountImplementationTest.ShouldThrowExceptionWhenAllAccount","ExecutorUri":"executor://xunit/VsTestRunner2/netcoreapp","Source":"C:\\Users\\hp\\Desktop\\karonwi\\week-5-karonwi\\BankApp\\BankApp.Test\\bin\\Debug\\netcoreapp3.1\\fine-code-coverage\\build-output\\BankApp.Test.dll","CodeFilePath":null,"LineNumber":0,"Properties":[]},{"Id":"4cf83c4f-fc04-fd09-2ef6-292da45a2e15","FullyQualifiedName":"BankApp.Test.CustomerImplementationTest.ShouldReturnCustomerWhenIdIsNotCorrect","DisplayName":"BankApp.Test.CustomerImplementationTest.ShouldReturnCustomerWhenIdIsNotCorrect","ExecutorUri":"executor://xunit/VsTestRunner2/netcoreapp","Source":"C:\\Users\\hp\\Desktop\\karonwi\\week-5-karonwi\\BankApp\\BankApp.Test\\bin\\Debug\\netcoreapp3.1\\fine-code-coverage\\build-output\\BankApp.Test.dll","CodeFilePath":null,"LineNumber":0,"Properties":[]},{"Id":"9b7aa2c8-3dcc-b2d9-13eb-684fdacaea83","FullyQualifiedName":"BankApp.Test.AccountOperationTest.Deposit_Should","DisplayName":"BankApp.Test.AccountOperationTest.Deposit_Should(accountNumber: \"112233445\", amount: \"1000\", expected: False)","ExecutorUri":"executor://xunit/VsTestRunner2/netcoreapp","Source":"C:\\Users\\hp\\Desktop\\karonwi\\week-5-karonwi\\BankApp\\BankApp.Test\\bin\\Debug\\netcoreapp3.1\\fine-code-coverage\\build-output\\BankApp.Test.dll","CodeFilePath":null,"LineNumber":0,"Properties":[]}]}}
TpTrace Verbose: 0 : 26236, 7, 2022/03/23, 14:37:45.237, 4801337851173, vstest.console.dll, TestRunRequest:SendTestRunStatsChange: Starting.
TpTrace Verbose: 0 : 26236, 7, 2022/03/23, 14:37:45.237, 4801337852012, vstest.console.dll, InProgress is BankApp.Test.TransactionImplementationTest.ShouldAddTransactionWhenNoError
TpTrace Verbose: 0 : 26236, 7, 2022/03/23, 14:37:45.237, 4801337852407, vstest.console.dll, InProgress is BankApp.Test.AccountImplementationTest.ShouldThrowExceptionWhenAllAccount
TpTrace Verbose: 0 : 26236, 7, 2022/03/23, 14:37:45.237, 4801337852689, vstest.console.dll, InProgress is BankApp.Test.CustomerImplementationTest.ShouldReturnCustomerWhenIdIsNotCorrect
TpTrace Verbose: 0 : 26236, 7, 2022/03/23, 14:37:45.237, 4801337852946, vstest.console.dll, InProgress is BankApp.Test.AccountOperationTest.Deposit_Should(accountNumber: "112233445", amount: "1000", expected: False)
TpTrace Information: 0 : 26236, 7, 2022/03/23, 14:37:45.237, 4801337853386, vstest.console.dll, TestRunRequest:SendTestRunStatsChange: Completed.
TpTrace Verbose: 0 : 26236, 7, 2022/03/23, 14:37:45.237, 4801337853698, vstest.console.dll, TcpClientExtensions.MessageLoopAsync: Polling on remoteEndPoint: 127.0.0.1:49757 localEndPoint: 127.0.0.1:49756
TpTrace Verbose: 0 : 26236, 7, 2022/03/23, 14:37:45.250, 4801337979310, vstest.console.dll, TcpClientExtensions.MessageLoopAsync: NotifyDataAvailable remoteEndPoint: 127.0.0.1:49757 localEndPoint: 127.0.0.1:49756
TpTrace Verbose: 0 : 26236, 7, 2022/03/23, 14:37:45.250, 4801337982050, vstest.console.dll, TestRequestSender.OnExecutionMessageReceived: Received message: {"Version":5,"MessageType":"TestExecution.StatsChange","Payload":{"NewTestResults":[{"TestCase":{"Id":"de6e477e-53a5-1274-8396-ca3af9153d99","FullyQualifiedName":"BankApp.Test.AccountImplementationTest.ShouldThrowExceptionWhenAllAccount","DisplayName":"BankApp.Test.AccountImplementationTest.ShouldThrowExceptionWhenAllAccount","ExecutorUri":"executor://xunit/VsTestRunner2/netcoreapp","Source":"C:\\Users\\hp\\Desktop\\karonwi\\week-5-karonwi\\BankApp\\BankApp.Test\\bin\\Debug\\netcoreapp3.1\\fine-code-coverage\\build-output\\BankApp.Test.dll","CodeFilePath":null,"LineNumber":0,"Properties":[]},"Attachments":[],"Outcome":1,"ErrorMessage":null,"ErrorStackTrace":null,"DisplayName":"BankApp.Test.AccountImplementationTest.ShouldThrowExceptionWhenAllAccount","Messages":[],"ComputerName":"KARONWI","Duration":"00:00:00.0028841","StartTime":"2022-03-23T13:37:45.2371194+00:00","EndTime":"2022-03-23T13:37:45.2371233+00:00","Properties":[]},{"TestCase":{"Id":"4cf83c4f-fc04-fd09-2ef6-292da45a2e15","FullyQualifiedName":"BankApp.Test.CustomerImplementationTest.ShouldReturnCustomerWhenIdIsNotCorrect","DisplayName":"BankApp.Test.CustomerImplementationTest.ShouldReturnCustomerWhenIdIsNotCorrect","ExecutorUri":"executor://xunit/VsTestRunner2/netcoreapp","Source":"C:\\Users\\hp\\Desktop\\karonwi\\week-5-karonwi\\BankApp\\BankApp.Test\\bin\\Debug\\netcoreapp3.1\\fine-code-coverage\\build-output\\BankApp.Test.dll","CodeFilePath":null,"LineNumber":0,"Properties":[]},"Attachments":[],"Outcome":1,"ErrorMessage":null,"ErrorStackTrace":null,"DisplayName":"BankApp.Test.CustomerImplementationTest.ShouldReturnCustomerWhenIdIsNotCorrect","Messages":[],"ComputerName":"KARONWI","Duration":"00:00:00.0030954","StartTime":"2022-03-23T13:37:45.2399926+00:00","EndTime":"2022-03-23T13:37:45.239996+00:00","Properties":[]},{"TestCase":{"Id":"9b7aa2c8-3dcc-b2d9-13eb-684fdacaea83","FullyQualifiedName":"BankApp.Test.AccountOperationTest.Deposit_Should","DisplayName":"BankApp.Test.AccountOperationTest.Deposit_Should(accountNumber: \"112233445\", amount: \"1000\", expected: False)","ExecutorUri":"executor://xunit/VsTestRunner2/netcoreapp","Source":"C:\\Users\\hp\\Desktop\\karonwi\\week-5-karonwi\\BankApp\\BankApp.Test\\bin\\Debug\\netcoreapp3.1\\fine-code-coverage\\build-output\\BankApp.Test.dll","CodeFilePath":null,"LineNumber":0,"Properties":[]},"Attachments":[],"Outcome":1,"ErrorMessage":null,"ErrorStackTrace":null,"DisplayName":"BankApp.Test.AccountOperationTest.Deposit_Should(accountNumber: \"112233445\", amount: \"1000\", expected: False)","Messages":[],"ComputerName":"KARONWI","Duration":"00:00:00.0068484","StartTime":"2022-03-23T13:37:45.2424363+00:00","EndTime":"2022-03-23T13:37:45.2424395+00:00","Properties":[]},{"TestCase":{"Id":"e40145b9-366a-d257-4dc3-ed6a9861fc45","FullyQualifiedName":"BankApp.Test.CustomerImplementationTest.ShouldAddCustomerWhenNoError","DisplayName":"BankApp.Test.CustomerImplementationTest.ShouldAddCustomerWhenNoError","ExecutorUri":"executor://xunit/VsTestRunner2/netcoreapp","Source":"C:\\Users\\hp\\Desktop\\karonwi\\week-5-karonwi\\BankApp\\BankApp.Test\\bin\\Debug\\netcoreapp3.1\\fine-code-coverage\\build-output\\BankApp.Test.dll","CodeFilePath":null,"LineNumber":0,"Properties":[]},"Attachments":[],"Outcome":1,"ErrorMessage":null,"ErrorStackTrace":null,"DisplayName":"BankApp.Test.CustomerImplementationTest.ShouldAddCustomerWhenNoError","Messages":[],"ComputerName":"KARONWI","Duration":"00:00:00.0056061","StartTime":"2022-03-23T13:37:45.2447904+00:00","EndTime":"2022-03-23T13:37:45.2447935+00:00","Properties":[]},{"TestCase":{"Id":"4f7367bf-698b-0cc0-9635-e2d4b753618e","FullyQualifiedName":"BankApp.Test.AccountImplementationTest.ShouldAddAccountWhenNoError","DisplayName":"BankApp.Test.AccountImplementationTest.ShouldAddAccountWhenNoError","ExecutorUri":"executor://xunit/VsTestRunner2/netcoreapp","Source":"C:\\Users\\hp\\Desktop\\karonwi\\week-5-karonwi\\BankApp\\BankApp.Test\\bin\\Debug\\netcoreapp3.1\\fine-code-coverage\\build-output\\BankApp.Test.dll","CodeFilePath":null,"LineNumber":0,"Properties":[]},"Attachments":[],"Outcome":1,"ErrorMessage":null,"ErrorStackTrace":null,"DisplayName":"BankApp.Test.AccountImplementationTest.ShouldAddAccountWhenNoError","Messages":[],"ComputerName":"KARONWI","Duration":"00:00:00.0057959","StartTime":"2022-03-23T13:37:45.2458254+00:00","EndTime":"2022-03-23T13:37:45.2458263+00:00","Properties":[]},{"TestCase":{"Id":"653cc92f-f1d4-8c82-54b0-c3ad90c26f5f","FullyQualifiedName":"BankApp.Test.TransactionImplementationTest.ShouldAddTransactionWhenNoError","DisplayName":"BankApp.Test.TransactionImplementationTest.ShouldAddTransactionWhenNoError","ExecutorUri":"executor://xunit/VsTestRunner2/netcoreapp","Source":"C:\\Users\\hp\\Desktop\\karonwi\\week-5-karonwi\\BankApp\\BankApp.Test\\bin\\Debug\\netcoreapp3.1\\fine-code-coverage\\build-output\\BankApp.Test.dll","CodeFilePath":null,"LineNumber":0,"Properties":[]},"Attachments":[],"Outcome":1,"ErrorMessage":null,"ErrorStackTrace":null,"DisplayName":"BankApp.Test.TransactionImplementationTest.ShouldAddTransactionWhenNoError","Messages":[],"ComputerName":"KARONWI","Duration":"00:00:00.0092718","StartTime":"2022-03-23T13:37:45.2487741+00:00","EndTime":"2022-03-23T13:37:45.2487756+00:00","Properties":[]}],"TestRunStatistics":{"ExecutedTests":26,"Stats":{"Passed":26}},"ActiveTests":[{"Id":"dc9dcd73-ca78-1836-1b02-8b50c99451bd","FullyQualifiedName":"BankApp.Test.AccountOperationTest.Deposit_Should","DisplayName":"BankApp.Test.AccountOperationTest.Deposit_Should(accountNumber: \"1233222220\", amount: \"200\", expected: False)","ExecutorUri":"executor://xunit/VsTestRunner2/netcoreapp","Source":"C:\\Users\\hp\\Desktop\\karonwi\\week-5-karonwi\\BankApp\\BankApp.Test\\bin\\Debug\\netcoreapp3.1\\fine-code-coverage\\build-output\\BankApp.Test.dll","CodeFilePath":null,"LineNumber":0,"Properties":[]},{"Id":"8ebf7e0c-1afa-34b5-6fc2-85625c1250d6","FullyQualifiedName":"BankApp.Test.CustomerImplementationTest.ShouldGetAllCustomers","DisplayName":"BankApp.Test.CustomerImplementationTest.ShouldGetAllCustomers","ExecutorUri":"executor://xunit/VsTestRunner2/netcoreapp","Source":"C:\\Users\\hp\\Desktop\\karonwi\\week-5-karonwi\\BankApp\\BankApp.Test\\bin\\Debug\\netcoreapp3.1\\fine-code-coverage\\build-output\\BankApp.Test.dll","CodeFilePath":null,"LineNumber":0,"Properties":[]},{"Id":"e6c25b2d-1461-4239-a589-5f00aa0d89ac","FullyQualifiedName":"BankApp.Test.AccountImplementationTest.ShouldGetAllAccounts","DisplayName":"BankApp.Test.AccountImplementationTest.ShouldGetAllAccounts","ExecutorUri":"executor://xunit/VsTestRunner2/netcoreapp","Source":"C:\\Users\\hp\\Desktop\\karonwi\\week-5-karonwi\\BankApp\\BankApp.Test\\bin\\Debug\\netcoreapp3.1\\fine-code-coverage\\build-output\\BankApp.Test.dll","CodeFilePath":null,"LineNumber":0,"Properties":[]},{"Id":"90e8e597-ba6f-2a02-3deb-cdad0c005f62","FullyQualifiedName":"BankApp.Test.TransactionImplementationTest.ShouldGetAllTransaction","DisplayName":"BankApp.Test.TransactionImplementationTest.ShouldGetAllTransaction","ExecutorUri":"executor://xunit/VsTestRunner2/netcoreapp","Source":"C:\\Users\\hp\\Desktop\\karonwi\\week-5-karonwi\\BankApp\\BankApp.Test\\bin\\Debug\\netcoreapp3.1\\fine-code-coverage\\build-output\\BankApp.Test.dll","CodeFilePath":null,"LineNumber":0,"Properties":[]}]}}
TpTrace Verbose: 0 : 26236, 7, 2022/03/23, 14:37:45.252, 4801337998783, vstest.console.dll, TestRunRequest:SendTestRunStatsChange: Starting.
TpTrace Verbose: 0 : 26236, 7, 2022/03/23, 14:37:45.252, 4801337999682, vstest.console.dll, InProgress is BankApp.Test.AccountOperationTest.Deposit_Should(accountNumber: "1233222220", amount: "200", expected: False)
TpTrace Verbose: 0 : 26236, 7, 2022/03/23, 14:37:45.252, 4801337999993, vstest.console.dll, InProgress is BankApp.Test.CustomerImplementationTest.ShouldGetAllCustomers
TpTrace Verbose: 0 : 26236, 7, 2022/03/23, 14:37:45.252, 4801338000269, vstest.console.dll, InProgress is BankApp.Test.AccountImplementationTest.ShouldGetAllAccounts
TpTrace Verbose: 0 : 26236, 7, 2022/03/23, 14:37:45.252, 4801338000590, vstest.console.dll, InProgress is BankApp.Test.TransactionImplementationTest.ShouldGetAllTransaction
TpTrace Information: 0 : 26236, 7, 2022/03/23, 14:37:45.252, 4801338001097, vstest.console.dll, TestRunRequest:SendTestRunStatsChange: Completed.
TpTrace Verbose: 0 : 26236, 7, 2022/03/23, 14:37:45.252, 4801338001428, vstest.console.dll, TcpClientExtensions.MessageLoopAsync: Polling on remoteEndPoint: 127.0.0.1:49757 localEndPoint: 127.0.0.1:49756
TpTrace Verbose: 0 : 26236, 7, 2022/03/23, 14:37:45.258, 4801338058867, vstest.console.dll, TcpClientExtensions.MessageLoopAsync: NotifyDataAvailable remoteEndPoint: 127.0.0.1:49757 localEndPoint: 127.0.0.1:49756
TpTrace Verbose: 0 : 26236, 7, 2022/03/23, 14:37:45.258, 4801338060782, vstest.console.dll, TestRequestSender.OnExecutionMessageReceived: Received message: {"Version":5,"MessageType":"TestSession.Message","Payload":{"MessageLevel":0,"Message":"[xUnit.net 00:00:00.90]   Finished:    BankApp.Test"}}
TpTrace Verbose: 0 : 26236, 7, 2022/03/23, 14:37:45.258, 4801338063209, vstest.console.dll, TestRunRequest:SendTestRunMessage: Starting.
TpTrace Information: 0 : 26236, 7, 2022/03/23, 14:37:45.258, 4801338064059, vstest.console.dll, TestRunRequest:SendTestRunMessage: Completed.
TpTrace Verbose: 0 : 26236, 7, 2022/03/23, 14:37:45.258, 4801338064615, vstest.console.dll, TcpClientExtensions.MessageLoopAsync: Polling on remoteEndPoint: 127.0.0.1:49757 localEndPoint: 127.0.0.1:49756
TpTrace Verbose: 0 : 26236, 7, 2022/03/23, 14:37:45.276, 4801338243357, vstest.console.dll, TcpClientExtensions.MessageLoopAsync: NotifyDataAvailable remoteEndPoint: 127.0.0.1:49757 localEndPoint: 127.0.0.1:49756
TpTrace Verbose: 0 : 26236, 7, 2022/03/23, 14:37:45.276, 4801338245765, vstest.console.dll, TestRequestSender.OnExecutionMessageReceived: Received message: {"Version":5,"MessageType":"TestExecution.Completed","Payload":{"TestRunCompleteArgs":{"TestRunStatistics":{"ExecutedTests":32,"Stats":{"Passed":32}},"IsCanceled":false,"IsAborted":false,"Error":null,"AttachmentSets":[],"ElapsedTimeInRunningTests":"00:00:00.9181956","Metrics":{}},"LastRunTests":{"NewTestResults":[{"TestCase":{"Id":"dc9dcd73-ca78-1836-1b02-8b50c99451bd","FullyQualifiedName":"BankApp.Test.AccountOperationTest.Deposit_Should","DisplayName":"BankApp.Test.AccountOperationTest.Deposit_Should(accountNumber: \"1233222220\", amount: \"200\", expected: False)","ExecutorUri":"executor://xunit/VsTestRunner2/netcoreapp","Source":"C:\\Users\\hp\\Desktop\\karonwi\\week-5-karonwi\\BankApp\\BankApp.Test\\bin\\Debug\\netcoreapp3.1\\fine-code-coverage\\build-output\\BankApp.Test.dll","CodeFilePath":null,"LineNumber":0,"Properties":[]},"Attachments":[],"Outcome":1,"ErrorMessage":null,"ErrorStackTrace":null,"DisplayName":"BankApp.Test.AccountOperationTest.Deposit_Should(accountNumber: \"1233222220\", amount: \"200\", expected: False)","Messages":[],"ComputerName":"KARONWI","Duration":"00:00:00.0027083","StartTime":"2022-03-23T13:37:45.2510628+00:00","EndTime":"2022-03-23T13:37:45.2510653+00:00","Properties":[]},{"TestCase":{"Id":"90e8e597-ba6f-2a02-3deb-cdad0c005f62","FullyQualifiedName":"BankApp.Test.TransactionImplementationTest.ShouldGetAllTransaction","DisplayName":"BankApp.Test.TransactionImplementationTest.ShouldGetAllTransaction","ExecutorUri":"executor://xunit/VsTestRunner2/netcoreapp","Source":"C:\\Users\\hp\\Desktop\\karonwi\\week-5-karonwi\\BankApp\\BankApp.Test\\bin\\Debug\\netcoreapp3.1\\fine-code-coverage\\build-output\\BankApp.Test.dll","CodeFilePath":null,"LineNumber":0,"Properties":[]},"Attachments":[],"Outcome":1,"ErrorMessage":null,"ErrorStackTrace":null,"DisplayName":"BankApp.Test.TransactionImplementationTest.ShouldGetAllTransaction","Messages":[],"ComputerName":"KARONWI","Duration":"00:00:00.0082541","StartTime":"2022-03-23T13:37:45.251928+00:00","EndTime":"2022-03-23T13:37:45.2519291+00:00","Properties":[]},{"TestCase":{"Id":"e6c25b2d-1461-4239-a589-5f00aa0d89ac","FullyQualifiedName":"BankApp.Test.AccountImplementationTest.ShouldGetAllAccounts","DisplayName":"BankApp.Test.AccountImplementationTest.ShouldGetAllAccounts","ExecutorUri":"executor://xunit/VsTestRunner2/netcoreapp","Source":"C:\\Users\\hp\\Desktop\\karonwi\\week-5-karonwi\\BankApp\\BankApp.Test\\bin\\Debug\\netcoreapp3.1\\fine-code-coverage\\build-output\\BankApp.Test.dll","CodeFilePath":null,"LineNumber":0,"Properties":[]},"Attachments":[],"Outcome":1,"ErrorMessage":null,"ErrorStackTrace":null,"DisplayName":"BankApp.Test.AccountImplementationTest.ShouldGetAllAccounts","Messages":[],"ComputerName":"KARONWI","Duration":"00:00:00.0111031","StartTime":"2022-03-23T13:37:45.2529274+00:00","EndTime":"2022-03-23T13:37:45.252928+00:00","Properties":[]},{"TestCase":{"Id":"8ebf7e0c-1afa-34b5-6fc2-85625c1250d6","FullyQualifiedName":"BankApp.Test.CustomerImplementationTest.ShouldGetAllCustomers","DisplayName":"BankApp.Test.CustomerImplementationTest.ShouldGetAllCustomers","ExecutorUri":"executor://xunit/VsTestRunner2/netcoreapp","Source":"C:\\Users\\hp\\Desktop\\karonwi\\week-5-karonwi\\BankApp\\BankApp.Test\\bin\\Debug\\netcoreapp3.1\\fine-code-coverage\\build-output\\BankApp.Test.dll","CodeFilePath":null,"LineNumber":0,"Properties":[]},"Attachments":[],"Outcome":1,"ErrorMessage":null,"ErrorStackTrace":null,"DisplayName":"BankApp.Test.CustomerImplementationTest.ShouldGetAllCustomers","Messages":[],"ComputerName":"KARONWI","Duration":"00:00:00.0112427","StartTime":"2022-03-23T13:37:45.2535864+00:00","EndTime":"2022-03-23T13:37:45.2535868+00:00","Properties":[]},{"TestCase":{"Id":"6ca480a7-0773-9078-e033-ddb9348284db","FullyQualifiedName":"BankApp.Test.CustomerImplementationTest.ShouldReturnCustomerWhenIdIsCorrect","DisplayName":"BankApp.Test.CustomerImplementationTest.ShouldReturnCustomerWhenIdIsCorrect","ExecutorUri":"executor://xunit/VsTestRunner2/netcoreapp","Source":"C:\\Users\\hp\\Desktop\\karonwi\\week-5-karonwi\\BankApp\\BankApp.Test\\bin\\Debug\\netcoreapp3.1\\fine-code-coverage\\build-output\\BankApp.Test.dll","CodeFilePath":null,"LineNumber":0,"Properties":[]},"Attachments":[],"Outcome":1,"ErrorMessage":null,"ErrorStackTrace":null,"DisplayName":"BankApp.Test.CustomerImplementationTest.ShouldReturnCustomerWhenIdIsCorrect","Messages":[],"ComputerName":"KARONWI","Duration":"00:00:00.0014046","StartTime":"2022-03-23T13:37:45.2546722+00:00","EndTime":"2022-03-23T13:37:45.2546731+00:00","Properties":[]},{"TestCase":{"Id":"05ce334a-aab6-88c0-6cd7-76d3414447b5","FullyQualifiedName":"BankApp.Test.CustomerImplementationTest.ShouldThrowExceptionAllCustomerWhenWrongJsonParam","DisplayName":"BankApp.Test.CustomerImplementationTest.ShouldThrowExceptionAllCustomerWhenWrongJsonParam","ExecutorUri":"executor://xunit/VsTestRunner2/netcoreapp","Source":"C:\\Users\\hp\\Desktop\\karonwi\\week-5-karonwi\\BankApp\\BankApp.Test\\bin\\Debug\\netcoreapp3.1\\fine-code-coverage\\build-output\\BankApp.Test.dll","CodeFilePath":null,"LineNumber":0,"Properties":[]},"Attachments":[],"Outcome":1,"ErrorMessage":null,"ErrorStackTrace":null,"DisplayName":"BankApp.Test.CustomerImplementationTest.ShouldThrowExceptionAllCustomerWhenWrongJsonParam","Messages":[],"ComputerName":"KARONWI","Duration":"00:00:00.0008723","StartTime":"2022-03-23T13:37:45.2558871+00:00","EndTime":"2022-03-23T13:37:45.2558888+00:00","Properties":[]}],"TestRunStatistics":{"ExecutedTests":32,"Stats":{"Passed":32}},"ActiveTests":[]},"RunAttachments":[],"ExecutorUris":["executor://xunit/VsTestRunner2/netcoreapp"]}}
TpTrace Verbose: 0 : 26236, 7, 2022/03/23, 14:37:45.277, 4801338251082, vstest.console.dll, TestRequestSender.EndSession: Sending end session.
TpTrace Verbose: 0 : 26236, 7, 2022/03/23, 14:37:45.277, 4801338252654, vstest.console.dll, ProxyOperationManager.Close: waiting for test host to exit for 100 ms
TpTrace Warning: 0 : 26236, 11, 2022/03/23, 14:37:45.326, 4801338739936, vstest.console.dll, TestHostManagerCallbacks.ErrorReceivedCallback Test host standard error line: 
TpTrace Verbose: 0 : 26236, 8, 2022/03/23, 14:37:45.339, 4801338867664, vstest.console.dll, TestHostProvider.ExitCallBack: Host exited starting callback.
TpTrace Information: 0 : 26236, 8, 2022/03/23, 14:37:45.340, 4801338878359, vstest.console.dll, TestHostManagerCallbacks.ExitCallBack: Testhost processId: 13936 exited with exitcode: 0 error: ''
TpTrace Verbose: 0 : 26236, 8, 2022/03/23, 14:37:45.340, 4801338879478, vstest.console.dll, DotnetTestHostManager.OnHostExited: invoking OnHostExited callback
TpTrace Verbose: 0 : 26236, 8, 2022/03/23, 14:37:45.340, 4801338880157, vstest.console.dll, CrossPlatEngine.TestHostManagerHostExited: calling on client process exit callback.
TpTrace Information: 0 : 26236, 8, 2022/03/23, 14:37:45.340, 4801338880849, vstest.console.dll, TestRequestSender.OnClientProcessExit: Test host process exited. Standard error: 
TpTrace Warning: 0 : 26236, 7, 2022/03/23, 14:37:45.340, 4801338880860, vstest.console.dll, ProxyOperationManager: Timed out waiting for test host to exit. Will terminate process.
TpTrace Information: 0 : 26236, 8, 2022/03/23, 14:37:45.340, 4801338881545, vstest.console.dll, SocketServer.Stop: Stop server endPoint: 127.0.0.1:49756
TpTrace Information: 0 : 26236, 8, 2022/03/23, 14:37:45.340, 4801338882446, vstest.console.dll, SocketServer.Stop: Cancellation requested. Stopping message loop.
TpTrace Verbose: 0 : 26236, 7, 2022/03/23, 14:37:45.341, 4801338887880, vstest.console.dll, ProxyDataCollectionManager.InvokeDataCollectionServiceAction: Starting.
TpTrace Information: 0 : 26236, 7, 2022/03/23, 14:37:45.341, 4801338888477, vstest.console.dll, ProxyDataCollectionManager.AfterTestRunEnd: Get attachment set for datacollector processId: 26092 port: 49753
TpTrace Verbose: 0 : 26236, 7, 2022/03/23, 14:37:45.341, 4801338889043, vstest.console.dll, DataCollectionRequestSender.SendAfterTestRunStartAndGetResult : Send AfterTestRunEnd message with isCancelled: False
TpTrace Verbose: 0 : 26236, 7, 2022/03/23, 14:37:45.346, 4801338946599, vstest.console.dll, DataCollectionRequestSender.SendAfterTestRunStartAndGetResult : Received message: (DataCollection.AfterTestRunEndResult) -> {
  "AttachmentSets": [],
  "Metrics": {}
}
TpTrace Information: 0 : 26236, 7, 2022/03/23, 14:37:45.351, 4801338990397, vstest.console.dll, ProxyDataCollectionManager.InvokeDataCollectionServiceAction: Completed.
TpTrace Warning: 0 : 26236, 10, 2022/03/23, 14:37:45.353, 4801339011518, vstest.console.dll, DataCollectionLauncher.ErrorReceivedCallback datacollector standard error line: 
TpTrace Information: 0 : 26236, 8, 2022/03/23, 14:37:45.360, 4801339080481, vstest.console.dll, DataCollectionLauncher.ExitCallBack: Data collector exited with exitcode: 0 error: ''
TpTrace Verbose: 0 : 26236, 7, 2022/03/23, 14:37:45.381, 4801339290541, vstest.console.dll, TestRunRequest:SendTestRunStatsChange: Starting.
TpTrace Information: 0 : 26236, 7, 2022/03/23, 14:37:45.381, 4801339291986, vstest.console.dll, TestRunRequest:SendTestRunStatsChange: Completed.
TpTrace Verbose: 0 : 26236, 7, 2022/03/23, 14:37:45.381, 4801339294468, vstest.console.dll, ParallelProxyExecutionManager: HandlePartialRunComplete: Total completed clients = 1, Run complete = True, Run canceled: False.
TpTrace Verbose: 0 : 26236, 7, 2022/03/23, 14:37:45.410, 4801339578567, vstest.console.dll, TestRunRequest:TestRunComplete: Starting. IsAborted:False IsCanceled:False.
TpTrace Verbose: 0 : 26236, 7, 2022/03/23, 14:37:45.410, 4801339580617, vstest.console.dll, TestLoggerManager.HandleTestRunComplete: Ignoring as the object is disposed.
TpTrace Information: 0 : 26236, 7, 2022/03/23, 14:37:45.410, 4801339583974, vstest.console.dll, TestRunRequest:TestRunComplete: Completed.
TpTrace Verbose: 0 : 26236, 1, 2022/03/23, 14:37:45.410, 4801339584511, vstest.console.dll, TestRunRequest.Dispose: Starting.
TpTrace Verbose: 0 : 26236, 7, 2022/03/23, 14:37:45.410, 4801339584661, vstest.console.dll, TestRequestSender.SetOperationComplete: Setting operation complete.
TpTrace Information: 0 : 26236, 1, 2022/03/23, 14:37:45.410, 4801339585361, vstest.console.dll, TestRunRequest.Dispose: Completed.
TpTrace Information: 0 : 26236, 7, 2022/03/23, 14:37:45.410, 4801339585959, vstest.console.dll, SocketServer.Stop: Stop server endPoint: 127.0.0.1:49756
TpTrace Information: 0 : 26236, 7, 2022/03/23, 14:37:45.410, 4801339586338, vstest.console.dll, SocketServer.Stop: Cancellation requested. Stopping message loop.
TpTrace Information: 0 : 26236, 1, 2022/03/23, 14:37:45.410, 4801339585994, vstest.console.dll, TestRequestManager.RunTests: run tests completed.
TpTrace Information: 0 : 26236, 7, 2022/03/23, 14:37:45.411, 4801339586880, vstest.console.dll, SocketServer.PrivateStop: Stopping server endPoint: 127.0.0.1:49756 error: 
TpTrace Information: 0 : 26236, 1, 2022/03/23, 14:37:45.411, 4801339588061, vstest.console.dll, RunTestsArgumentProcessor:Execute: Test run is completed.
TpTrace Verbose: 0 : 26236, 1, 2022/03/23, 14:37:45.411, 4801339590679, vstest.console.dll, Executor.Execute: Exiting with exit code of 0
TpTrace Verbose: 0 : 26236, 7, 2022/03/23, 14:37:45.411, 4801339593327, vstest.console.dll, LengthPrefixCommunicationChannel.Dispose: Dispose reader and writer.
TpTrace Information: 0 : 26236, 7, 2022/03/23, 14:37:45.411, 4801339594425, vstest.console.dll, SocketServer.Stop: Raise disconnected event endPoint: 127.0.0.1:49756 error: 
TpTrace Verbose: 0 : 26236, 7, 2022/03/23, 14:37:45.411, 4801339595204, vstest.console.dll, TestRequestSender: OnTestRunAbort: Operation is already complete. Skip error message.
TpTrace Verbose: 0 : 26236, 7, 2022/03/23, 14:37:45.411, 4801339595587, vstest.console.dll, TcpClientExtensions.MessageLoopAsync: exiting MessageLoopAsync remoteEndPoint: 127.0.0.1:49757 localEndPoint: 127.0.0.1:49756
